mapping PPI interfaces from structural models
	clearing known interfaces dictionary
	reading chain-annotated interactome
	reading protein-chain mapping table
	creating interface file directory
	resolving interfaces for all 237 PPIs
	PPI: P51532 - Q92922
		PPI: P51532 - Q92922 (# 1 out of 237) (0.4 %)
		0 attempts (max 1)
		0 interfaces mapped (seeking 1)
		Chain pair: P51532=Q92922_A - P51532=Q92922_B (# 1 out of 1)
			computing interface for chain pair P51532=Q92922_A-P51532=Q92922_B
			writing chain interfaces to file
	1 PPIs resolved
	0 PPIs annotated
	PPI: P51532 - Q8TAQ2
		PPI: P51532 - Q8TAQ2 (# 2 out of 237) (0.8 %)
		0 attempts (max 1)
		0 interfaces mapped (seeking 1)
		Chain pair: P51532=Q8TAQ2_A - P51532=Q8TAQ2_B (# 1 out of 1)
			computing interface for chain pair P51532=Q8TAQ2_A-P51532=Q8TAQ2_B
			writing chain interfaces to file
			interface 1 found
	2 PPIs resolved
	1 PPIs annotated
	PPI: Q86U86 - P51532
		PPI: Q86U86 - P51532 (# 3 out of 237) (1.3 %)
		0 attempts (max 1)
		0 interfaces mapped (seeking 1)
		Chain pair: Q86U86=P51532_A - Q86U86=P51532_B (# 1 out of 1)
			computing interface for chain pair Q86U86=P51532_A-Q86U86=P51532_B
			writing chain interfaces to file
			interface 1 found
	3 PPIs resolved
	2 PPIs annotated
	PPI: P46100 - Q9UER7
		PPI: P46100 - Q9UER7 (# 4 out of 237) (1.7 %)
		0 attempts (max 1)
		0 interfaces mapped (seeking 1)
		Chain pair: P46100=Q9UER7_A - P46100=Q9UER7_B (# 1 out of 1)
			computing interface for chain pair P46100=Q9UER7_A-P46100=Q9UER7_B
			writing chain interfaces to file
			interface 1 found
	4 PPIs resolved
	3 PPIs annotated
	PPI: O75496 - Q9H211
		PPI: O75496 - Q9H211 (# 5 out of 237) (2.1 %)
		0 attempts (max 1)
		0 interfaces mapped (seeking 1)
		Chain pair: O75496=Q9H211_A - O75496=Q9H211_B (# 1 out of 1)
			computing interface for chain pair O75496=Q9H211_A-O75496=Q9H211_B
			writing chain interfaces to file
			interface 1 found
	5 PPIs resolved
	4 PPIs annotated
	PPI: P25205 - P49736
		PPI: P25205 - P49736 (# 6 out of 237) (2.5 %)
		0 attempts (max 1)
		0 interfaces mapped (seeking 1)
		Chain pair: P49736=P25205_B - P49736=P25205_A (# 1 out of 1)
			computing interface for chain pair P49736=P25205_B-P49736=P25205_A
			writing chain interfaces to file
			interface 1 found
	6 PPIs resolved
	5 PPIs annotated
	PPI: P25205 - P33992
		PPI: P25205 - P33992 (# 7 out of 237) (3.0 %)
		0 attempts (max 1)
		0 interfaces mapped (seeking 1)
		Chain pair: P25205=P33992_A - P25205=P33992_B (# 1 out of 1)
			computing interface for chain pair P25205=P33992_A-P25205=P33992_B
			writing chain interfaces to file
			interface 1 found
	7 PPIs resolved
	6 PPIs annotated
	PPI: O43913 - Q9UBD5
		PPI: O43913 - Q9UBD5 (# 8 out of 237) (3.4 %)
		0 attempts (max 1)
		0 interfaces mapped (seeking 1)
		Chain pair: Q9UBD5=O43913_B - Q9UBD5=O43913_A (# 1 out of 1)
			computing interface for chain pair Q9UBD5=O43913_B-Q9UBD5=O43913_A
			writing chain interfaces to file
			interface 1 found
	8 PPIs resolved
	7 PPIs annotated
	PPI: P33992 - P49736
		PPI: P33992 - P49736 (# 9 out of 237) (3.8 %)
		0 attempts (max 1)
		0 interfaces mapped (seeking 1)
		Chain pair: P49736=P33992_B - P49736=P33992_A (# 1 out of 1)
			computing interface for chain pair P49736=P33992_B-P49736=P33992_A
			writing chain interfaces to file
			interface 1 found
	9 PPIs resolved
	8 PPIs annotated
	PPI: O43913 - Q13415
		PPI: O43913 - Q13415 (# 10 out of 237) (4.2 %)
		0 attempts (max 1)
		0 interfaces mapped (seeking 1)
		Chain pair: Q13415=O43913_B - Q13415=O43913_A (# 1 out of 1)
			computing interface for chain pair Q13415=O43913_B-Q13415=O43913_A
			writing chain interfaces to file
			interface 1 found
	10 PPIs resolved
	9 PPIs annotated
	PPI: Q13416 - Q13415
		PPI: Q13416 - Q13415 (# 11 out of 237) (4.6 %)
		0 attempts (max 1)
		0 interfaces mapped (seeking 1)
		Chain pair: Q13416=Q13415_A - Q13416=Q13415_B (# 1 out of 1)
			computing interface for chain pair Q13416=Q13415_A-Q13416=Q13415_B
			writing chain interfaces to file
			interface 1 found
	11 PPIs resolved
	10 PPIs annotated
	PPI: P33993 - P49736
		PPI: P33993 - P49736 (# 12 out of 237) (5.1 %)
		0 attempts (max 1)
		0 interfaces mapped (seeking 1)
		Chain pair: P49736=P33993_B - P49736=P33993_A (# 1 out of 1)
			computing interface for chain pair P49736=P33993_B-P49736=P33993_A
			writing chain interfaces to file
			interface 1 found
	12 PPIs resolved
	11 PPIs annotated
	PPI: O43929 - O43913
		PPI: O43929 - O43913 (# 13 out of 237) (5.5 %)
		0 attempts (max 1)
		0 interfaces mapped (seeking 1)
		Chain pair: O43929=O43913_A - O43929=O43913_B (# 1 out of 1)
			computing interface for chain pair O43929=O43913_A-O43929=O43913_B
			writing chain interfaces to file
			interface 1 found
	13 PPIs resolved
	12 PPIs annotated
	PPI: Q9UBD5 - Q13415
		PPI: Q9UBD5 - Q13415 (# 14 out of 237) (5.9 %)
		0 attempts (max 1)
		0 interfaces mapped (seeking 1)
		Chain pair: Q9UBD5=Q13415_A - Q9UBD5=Q13415_B (# 1 out of 1)
			computing interface for chain pair Q9UBD5=Q13415_A-Q9UBD5=Q13415_B
			writing chain interfaces to file
			interface 1 found
	14 PPIs resolved
	13 PPIs annotated
	PPI: Q9UBD5 - O43929
		PPI: Q9UBD5 - O43929 (# 15 out of 237) (6.3 %)
		0 attempts (max 1)
		0 interfaces mapped (seeking 1)
		Chain pair: Q9UBD5=O43929_A - Q9UBD5=O43929_B (# 1 out of 1)
			computing interface for chain pair Q9UBD5=O43929_A-Q9UBD5=O43929_B
			writing chain interfaces to file
			interface 1 found
	15 PPIs resolved
	14 PPIs annotated
	PPI: O43913 - Q13416
		PPI: O43913 - Q13416 (# 16 out of 237) (6.8 %)
		0 attempts (max 1)
		0 interfaces mapped (seeking 1)
		Chain pair: Q13416=O43913_B - Q13416=O43913_A (# 1 out of 1)
			computing interface for chain pair Q13416=O43913_B-Q13416=O43913_A
			writing chain interfaces to file
			interface 1 found
	16 PPIs resolved
	15 PPIs annotated
	PPI: P30281 - P38936
		PPI: P30281 - P38936 (# 17 out of 237) (7.2 %)
		0 attempts (max 1)
		0 interfaces mapped (seeking 1)
		Chain pair: P30281=P38936_A - P30281=P38936_B (# 1 out of 1)
			computing interface for chain pair P30281=P38936_A-P30281=P38936_B
			writing chain interfaces to file
			interface 1 found
	17 PPIs resolved
	16 PPIs annotated
	PPI: O96020 - P24941
		PPI: O96020 - P24941 (# 18 out of 237) (7.6 %)
		0 attempts (max 1)
		0 interfaces mapped (seeking 1)
		Chain pair: P24941=O96020_B - P24941=O96020_A (# 1 out of 1)
			computing interface for chain pair P24941=O96020_B-P24941=O96020_A
			writing chain interfaces to file
			interface 1 found
	18 PPIs resolved
	17 PPIs annotated
	PPI: P30281 - P11802
		PPI: P30281 - P11802 (# 19 out of 237) (8.0 %)
		0 attempts (max 1)
		0 interfaces mapped (seeking 1)
		Chain pair: P30281=P11802_A - P30281=P11802_B (# 1 out of 1)
			computing interface for chain pair P30281=P11802_A-P30281=P11802_B
			writing chain interfaces to file
			interface 1 found
	19 PPIs resolved
	18 PPIs annotated
	PPI: P30281 - Q00534
		PPI: P30281 - Q00534 (# 20 out of 237) (8.4 %)
		0 attempts (max 1)
		0 interfaces mapped (seeking 1)
		Chain pair: P30281=Q00534_A - P30281=Q00534_B (# 1 out of 1)
			computing interface for chain pair P30281=Q00534_A-P30281=Q00534_B
			writing chain interfaces to file
			interface 1 found
	20 PPIs resolved
	19 PPIs annotated
	PPI: O96020 - P38936
		PPI: O96020 - P38936 (# 21 out of 237) (8.9 %)
		0 attempts (max 1)
		0 interfaces mapped (seeking 1)
		Chain pair: O96020=P38936_A - O96020=P38936_B (# 1 out of 1)
			computing interface for chain pair O96020=P38936_A-O96020=P38936_B
			writing chain interfaces to file
			interface 1 found
	21 PPIs resolved
	20 PPIs annotated
	PPI: P24385 - P11802
		PPI: P24385 - P11802 (# 22 out of 237) (9.3 %)
		0 attempts (max 1)
		0 interfaces mapped (seeking 1)
		Chain pair: P24385=P11802_A - P24385=P11802_B (# 1 out of 1)
			computing interface for chain pair P24385=P11802_A-P24385=P11802_B
			writing chain interfaces to file
			interface 1 found
	22 PPIs resolved
	21 PPIs annotated
	PPI: P24385 - P38936
		PPI: P24385 - P38936 (# 23 out of 237) (9.7 %)
		0 attempts (max 1)
		0 interfaces mapped (seeking 1)
		Chain pair: P24385=P38936_A - P24385=P38936_B (# 1 out of 1)
			computing interface for chain pair P24385=P38936_A-P24385=P38936_B
			writing chain interfaces to file
			interface 1 found
	23 PPIs resolved
	22 PPIs annotated
	PPI: P24385 - Q00534
		PPI: P24385 - Q00534 (# 24 out of 237) (10.1 %)
		0 attempts (max 1)
		0 interfaces mapped (seeking 1)
		Chain pair: P24385=Q00534_A - P24385=Q00534_B (# 1 out of 1)
			computing interface for chain pair P24385=Q00534_A-P24385=Q00534_B
			writing chain interfaces to file
			interface 1 found
	24 PPIs resolved
	23 PPIs annotated
	PPI: P33992 - P33993
		PPI: P33992 - P33993 (# 25 out of 237) (10.5 %)
		0 attempts (max 1)
		0 interfaces mapped (seeking 1)
		Chain pair: P33992=P33993_A - P33992=P33993_B (# 1 out of 1)
			computing interface for chain pair P33992=P33993_A-P33992=P33993_B
			writing chain interfaces to file
			interface 1 found
	25 PPIs resolved
	24 PPIs annotated
	PPI: Q00534 - P38936
		PPI: Q00534 - P38936 (# 26 out of 237) (11.0 %)
		0 attempts (max 1)
		0 interfaces mapped (seeking 1)
		Chain pair: Q00534=P38936_A - Q00534=P38936_B (# 1 out of 1)
			computing interface for chain pair Q00534=P38936_A-Q00534=P38936_B
			writing chain interfaces to file
			interface 1 found
	26 PPIs resolved
	25 PPIs annotated
	PPI: O43929 - Q13416
		PPI: O43929 - Q13416 (# 27 out of 237) (11.4 %)
		0 attempts (max 1)
		0 interfaces mapped (seeking 1)
		Chain pair: Q13416=O43929_B - Q13416=O43929_A (# 1 out of 1)
			computing interface for chain pair Q13416=O43929_B-Q13416=O43929_A
			writing chain interfaces to file
			interface 1 found
	27 PPIs resolved
	26 PPIs annotated
	PPI: P11802 - P38936
		PPI: P11802 - P38936 (# 28 out of 237) (11.8 %)
		0 attempts (max 1)
		0 interfaces mapped (seeking 1)
		Chain pair: P11802=P38936_A - P11802=P38936_B (# 1 out of 1)
			computing interface for chain pair P11802=P38936_A-P11802=P38936_B
			writing chain interfaces to file
			interface 1 found
	28 PPIs resolved
	27 PPIs annotated
	PPI: P33993 - P33991
		PPI: P33993 - P33991 (# 29 out of 237) (12.2 %)
		0 attempts (max 1)
		0 interfaces mapped (seeking 1)
		Chain pair: P33991=P33993_B - P33991=P33993_A (# 1 out of 1)
			computing interface for chain pair P33991=P33993_B-P33991=P33993_A
			writing chain interfaces to file
			interface 1 found
	29 PPIs resolved
	28 PPIs annotated
	PPI: O95067 - P24941
		PPI: O95067 - P24941 (# 30 out of 237) (12.7 %)
		0 attempts (max 1)
		0 interfaces mapped (seeking 1)
		Chain pair: P24941=O95067_B - P24941=O95067_A (# 1 out of 1)
			computing interface for chain pair P24941=O95067_B-P24941=O95067_A
			writing chain interfaces to file
			interface 1 found
	30 PPIs resolved
	29 PPIs annotated
	PPI: P78396 - P38936
		PPI: P78396 - P38936 (# 31 out of 237) (13.1 %)
		0 attempts (max 1)
		0 interfaces mapped (seeking 1)
		Chain pair: P78396=P38936_A - P78396=P38936_B (# 1 out of 1)
			computing interface for chain pair P78396=P38936_A-P78396=P38936_B
			writing chain interfaces to file
			interface 1 found
	31 PPIs resolved
	30 PPIs annotated
	PPI: P24941 - P38936
		PPI: P24941 - P38936 (# 32 out of 237) (13.5 %)
		0 attempts (max 1)
		0 interfaces mapped (seeking 1)
		Chain pair: P24941=P38936_A - P24941=P38936_B (# 1 out of 1)
			computing interface for chain pair P24941=P38936_A-P24941=P38936_B
			writing chain interfaces to file
			interface 1 found
	32 PPIs resolved
	31 PPIs annotated
	PPI: Q14566 - P25205
		PPI: Q14566 - P25205 (# 33 out of 237) (13.9 %)
		0 attempts (max 1)
		0 interfaces mapped (seeking 1)
		Chain pair: Q14566=P25205_A - Q14566=P25205_B (# 1 out of 1)
			computing interface for chain pair Q14566=P25205_A-Q14566=P25205_B
			writing chain interfaces to file
			interface 1 found
	33 PPIs resolved
	32 PPIs annotated
	PPI: Q13868 - Q9NPD3
		PPI: Q13868 - Q9NPD3 (# 34 out of 237) (14.3 %)
		0 attempts (max 1)
		0 interfaces mapped (seeking 1)
		Chain pair: Q9NPD3=Q13868_B - Q9NPD3=Q13868_A (# 1 out of 1)
			computing interface for chain pair Q9NPD3=Q13868_B-Q9NPD3=Q13868_A
			writing chain interfaces to file
			interface 1 found
	34 PPIs resolved
	33 PPIs annotated
	PPI: Q9NPD3 - Q15024
		PPI: Q9NPD3 - Q15024 (# 35 out of 237) (14.8 %)
		0 attempts (max 1)
		0 interfaces mapped (seeking 1)
		Chain pair: Q9NPD3=Q15024_A - Q9NPD3=Q15024_B (# 1 out of 1)
			computing interface for chain pair Q9NPD3=Q15024_A-Q9NPD3=Q15024_B
			writing chain interfaces to file
			interface 1 found
	35 PPIs resolved
	34 PPIs annotated
	PPI: P52655 - P20226
		PPI: P52655 - P20226 (# 36 out of 237) (15.2 %)
		0 attempts (max 1)
		0 interfaces mapped (seeking 1)
		Chain pair: P52655=P20226_A - P52655=P20226_B (# 1 out of 1)
			computing interface for chain pair P52655=P20226_A-P52655=P20226_B
			writing chain interfaces to file
			interface 1 found
	36 PPIs resolved
	35 PPIs annotated
	PPI: P20226 - Q00403
		PPI: P20226 - Q00403 (# 37 out of 237) (15.6 %)
		0 attempts (max 1)
		0 interfaces mapped (seeking 1)
		Chain pair: Q00403=P20226_B - Q00403=P20226_A (# 1 out of 1)
			computing interface for chain pair Q00403=P20226_B-Q00403=P20226_A
			writing chain interfaces to file
			interface 1 found
	37 PPIs resolved
	36 PPIs annotated
	PPI: P23511 - P25208
		PPI: P23511 - P25208 (# 38 out of 237) (16.0 %)
		0 attempts (max 1)
		0 interfaces mapped (seeking 1)
		Chain pair: P23511=P25208_A - P23511=P25208_B (# 1 out of 1)
			computing interface for chain pair P23511=P25208_A-P23511=P25208_B
			writing chain interfaces to file
			interface 1 found
	38 PPIs resolved
	37 PPIs annotated
	PPI: P23511 - Q13952
		PPI: P23511 - Q13952 (# 39 out of 237) (16.5 %)
		0 attempts (max 1)
		0 interfaces mapped (seeking 1)
		Chain pair: P23511=Q13952_A - P23511=Q13952_B (# 1 out of 1)
			computing interface for chain pair P23511=Q13952_A-P23511=Q13952_B
			writing chain interfaces to file
			interface 1 found
	39 PPIs resolved
	38 PPIs annotated
	PPI: P14598 - Q8IZP0
		PPI: P14598 - Q8IZP0 (# 40 out of 237) (16.9 %)
		0 attempts (max 1)
		0 interfaces mapped (seeking 1)
		Chain pair: P14598=Q8IZP0_A - P14598=Q8IZP0_B (# 1 out of 1)
			computing interface for chain pair P14598=Q8IZP0_A-P14598=Q8IZP0_B
			writing chain interfaces to file
			interface 1 found
	40 PPIs resolved
	39 PPIs annotated
	PPI: Q9BTT4 - O43513
		PPI: Q9BTT4 - O43513 (# 41 out of 237) (17.3 %)
		0 attempts (max 1)
		0 interfaces mapped (seeking 1)
		Chain pair: O43513=Q9BTT4_B - O43513=Q9BTT4_A (# 1 out of 1)
			computing interface for chain pair O43513=Q9BTT4_B-O43513=Q9BTT4_A
			writing chain interfaces to file
	41 PPIs resolved
	39 PPIs annotated
	PPI: Q9BTT4 - O60244
		PPI: Q9BTT4 - O60244 (# 42 out of 237) (17.7 %)
		0 attempts (max 1)
		0 interfaces mapped (seeking 1)
		Chain pair: O60244=Q9BTT4_B - O60244=Q9BTT4_A (# 1 out of 1)
			computing interface for chain pair O60244=Q9BTT4_B-O60244=Q9BTT4_A
			writing chain interfaces to file
			interface 1 found
	42 PPIs resolved
	40 PPIs annotated
	PPI: P40425 - P55347
		PPI: P40425 - P55347 (# 43 out of 237) (18.1 %)
		0 attempts (max 1)
		0 interfaces mapped (seeking 1)
		Chain pair: P40425=P55347_A - P40425=P55347_B (# 1 out of 1)
			computing interface for chain pair P40425=P55347_A-P40425=P55347_B
			writing chain interfaces to file
			interface 1 found
	43 PPIs resolved
	41 PPIs annotated
	PPI: P0CG47 - Q9Y3C5
		PPI: P0CG47 - Q9Y3C5 (# 44 out of 237) (18.6 %)
		0 attempts (max 1)
		0 interfaces mapped (seeking 1)
		Chain pair: P0CG47=Q9Y3C5_A - P0CG47=Q9Y3C5_B (# 1 out of 1)
			computing interface for chain pair P0CG47=Q9Y3C5_A-P0CG47=Q9Y3C5_B
			writing chain interfaces to file
			interface 1 found
	44 PPIs resolved
	42 PPIs annotated
	PPI: P0CG47 - Q9HAU4
		PPI: P0CG47 - Q9HAU4 (# 45 out of 237) (19.0 %)
		0 attempts (max 1)
		0 interfaces mapped (seeking 1)
		Chain pair: Q9HAU4=P0CG47_B - Q9HAU4=P0CG47_A (# 1 out of 1)
			computing interface for chain pair Q9HAU4=P0CG47_B-Q9HAU4=P0CG47_A
			writing chain interfaces to file
			interface 1 found
	45 PPIs resolved
	43 PPIs annotated
	PPI: Q9NV56 - Q15014
		PPI: Q9NV56 - Q15014 (# 46 out of 237) (19.4 %)
		0 attempts (max 1)
		0 interfaces mapped (seeking 1)
		Chain pair: Q9NV56=Q15014_A - Q9NV56=Q15014_B (# 1 out of 1)
			computing interface for chain pair Q9NV56=Q15014_A-Q9NV56=Q15014_B
			writing chain interfaces to file
			interface 1 found
	46 PPIs resolved
	44 PPIs annotated
	PPI: Q9NV56 - Q9UBU8
		PPI: Q9NV56 - Q9UBU8 (# 47 out of 237) (19.8 %)
		0 attempts (max 1)
		0 interfaces mapped (seeking 1)
		Chain pair: Q9NV56=Q9UBU8_A - Q9NV56=Q9UBU8_B (# 1 out of 1)
			computing interface for chain pair Q9NV56=Q9UBU8_A-Q9NV56=Q9UBU8_B
			writing chain interfaces to file
			interface 1 found
	47 PPIs resolved
	45 PPIs annotated
	PPI: Q09472 - Q04206
		PPI: Q09472 - Q04206 (# 48 out of 237) (20.3 %)
		0 attempts (max 1)
		0 interfaces mapped (seeking 1)
		Chain pair: Q09472=Q04206_A - Q09472=Q04206_B (# 1 out of 1)
			computing interface for chain pair Q09472=Q04206_A-Q09472=Q04206_B
			writing chain interfaces to file
			interface 1 found
	48 PPIs resolved
	46 PPIs annotated
	PPI: Q15075 - P61020
		PPI: Q15075 - P61020 (# 49 out of 237) (20.7 %)
		0 attempts (max 1)
		0 interfaces mapped (seeking 1)
		Chain pair: P61020=Q15075_B - P61020=Q15075_A (# 1 out of 1)
			computing interface for chain pair P61020=Q15075_B-P61020=Q15075_A
			writing chain interfaces to file
			interface 1 found
	49 PPIs resolved
	47 PPIs annotated
	PPI: Q13404 - P61088
		PPI: Q13404 - P61088 (# 50 out of 237) (21.1 %)
		0 attempts (max 1)
		0 interfaces mapped (seeking 1)
		Chain pair: Q13404=P61088_A - Q13404=P61088_B (# 1 out of 1)
			computing interface for chain pair Q13404=P61088_A-Q13404=P61088_B
			writing chain interfaces to file
			interface 1 found
	50 PPIs resolved
	48 PPIs annotated
	PPI: P55036 - P0CG48
		PPI: P55036 - P0CG48 (# 51 out of 237) (21.5 %)
		0 attempts (max 1)
		0 interfaces mapped (seeking 1)
		Chain pair: P55036=P0CG48_A - P55036=P0CG48_B (# 1 out of 1)
			computing interface for chain pair P55036=P0CG48_A-P55036=P0CG48_B
			writing chain interfaces to file
			interface 1 found
	51 PPIs resolved
	49 PPIs annotated
	PPI: P54725 - P55036
		PPI: P54725 - P55036 (# 52 out of 237) (21.9 %)
		0 attempts (max 1)
		0 interfaces mapped (seeking 1)
		Chain pair: P55036=P54725_B - P55036=P54725_A (# 1 out of 1)
			computing interface for chain pair P55036=P54725_B-P55036=P54725_A
			writing chain interfaces to file
			interface 1 found
	52 PPIs resolved
	50 PPIs annotated
	PPI: P05787 - P05783
		PPI: P05787 - P05783 (# 53 out of 237) (22.4 %)
		0 attempts (max 1)
		0 interfaces mapped (seeking 1)
		Chain pair: P05787=P05783_A - P05787=P05783_B (# 1 out of 1)
			computing interface for chain pair P05787=P05783_A-P05787=P05783_B
			writing chain interfaces to file
			interface 1 found
	53 PPIs resolved
	51 PPIs annotated
	PPI: P15056 - P31946
		PPI: P15056 - P31946 (# 54 out of 237) (22.8 %)
		0 attempts (max 1)
		0 interfaces mapped (seeking 1)
		Chain pair: P15056=P31946_A - P15056=P31946_B (# 1 out of 1)
			computing interface for chain pair P15056=P31946_A-P15056=P31946_B
			writing chain interfaces to file
			interface 1 found
	54 PPIs resolved
	52 PPIs annotated
	PPI: P15056 - P27348
		PPI: P15056 - P27348 (# 55 out of 237) (23.2 %)
		0 attempts (max 1)
		0 interfaces mapped (seeking 1)
		Chain pair: P15056=P27348_A - P15056=P27348_B (# 1 out of 1)
			computing interface for chain pair P15056=P27348_A-P15056=P27348_B
			writing chain interfaces to file
			interface 1 found
	55 PPIs resolved
	53 PPIs annotated
	PPI: P15056 - P61981
		PPI: P15056 - P61981 (# 56 out of 237) (23.6 %)
		0 attempts (max 1)
		0 interfaces mapped (seeking 1)
		Chain pair: P15056=P61981_A - P15056=P61981_B (# 1 out of 1)
			computing interface for chain pair P15056=P61981_A-P15056=P61981_B
			writing chain interfaces to file
			interface 1 found
	56 PPIs resolved
	54 PPIs annotated
	PPI: P10398 - P61981
		PPI: P10398 - P61981 (# 57 out of 237) (24.1 %)
		0 attempts (max 1)
		0 interfaces mapped (seeking 1)
		Chain pair: P10398=P61981_A - P10398=P61981_B (# 1 out of 1)
			computing interface for chain pair P10398=P61981_A-P10398=P61981_B
			writing chain interfaces to file
			interface 1 found
	57 PPIs resolved
	55 PPIs annotated
	PPI: P61981 - Q9UQB8
		PPI: P61981 - Q9UQB8 (# 58 out of 237) (24.5 %)
		0 attempts (max 1)
		0 interfaces mapped (seeking 1)
		Chain pair: P61981=Q9UQB8_A - P61981=Q9UQB8_B (# 1 out of 1)
			computing interface for chain pair P61981=Q9UQB8_A-P61981=Q9UQB8_B
			writing chain interfaces to file
			interface 1 found
	58 PPIs resolved
	56 PPIs annotated
	PPI: P63104 - P15056
		PPI: P63104 - P15056 (# 59 out of 237) (24.9 %)
		0 attempts (max 1)
		0 interfaces mapped (seeking 1)
		Chain pair: P15056=P63104_B - P15056=P63104_A (# 1 out of 1)
			computing interface for chain pair P15056=P63104_B-P15056=P63104_A
			writing chain interfaces to file
			interface 1 found
	59 PPIs resolved
	57 PPIs annotated
	PPI: P99999 - O14727
		PPI: P99999 - O14727 (# 60 out of 237) (25.3 %)
		0 attempts (max 1)
		0 interfaces mapped (seeking 1)
		Chain pair: O14727=P99999_B - O14727=P99999_A (# 1 out of 1)
			computing interface for chain pair O14727=P99999_B-O14727=P99999_A
			writing chain interfaces to file
			interface 1 found
	60 PPIs resolved
	58 PPIs annotated
	PPI: P63000 - Q14185
		PPI: P63000 - Q14185 (# 61 out of 237) (25.7 %)
		0 attempts (max 1)
		0 interfaces mapped (seeking 1)
		Chain pair: Q14185=P63000_B - Q14185=P63000_A (# 1 out of 1)
			computing interface for chain pair Q14185=P63000_B-Q14185=P63000_A
			writing chain interfaces to file
			interface 1 found
	61 PPIs resolved
	59 PPIs annotated
	PPI: Q92556 - Q14185
		PPI: Q92556 - Q14185 (# 62 out of 237) (26.2 %)
		0 attempts (max 1)
		0 interfaces mapped (seeking 1)
		Chain pair: Q14185=Q92556_B - Q14185=Q92556_A (# 1 out of 1)
			computing interface for chain pair Q14185=Q92556_B-Q14185=Q92556_A
			writing chain interfaces to file
			interface 1 found
	62 PPIs resolved
	60 PPIs annotated
	PPI: Q9UJY5 - Q15276
		PPI: Q9UJY5 - Q15276 (# 63 out of 237) (26.6 %)
		0 attempts (max 1)
		0 interfaces mapped (seeking 1)
		Chain pair: Q9UJY5=Q15276_A - Q9UJY5=Q15276_B (# 1 out of 1)
			computing interface for chain pair Q9UJY5=Q15276_A-Q9UJY5=Q15276_B
			writing chain interfaces to file
			interface 1 found
	63 PPIs resolved
	61 PPIs annotated
	PPI: P61326 - Q9Y5S9
		PPI: P61326 - Q9Y5S9 (# 64 out of 237) (27.0 %)
		0 attempts (max 1)
		0 interfaces mapped (seeking 1)
		Chain pair: P61326=Q9Y5S9_A - P61326=Q9Y5S9_B (# 1 out of 1)
			computing interface for chain pair P61326=Q9Y5S9_A-P61326=Q9Y5S9_B
			writing chain interfaces to file
			interface 1 found
	64 PPIs resolved
	62 PPIs annotated
	PPI: Q15276 - Q9NZ52
		PPI: Q15276 - Q9NZ52 (# 65 out of 237) (27.4 %)
		0 attempts (max 1)
		0 interfaces mapped (seeking 1)
		Chain pair: Q9NZ52=Q15276_B - Q9NZ52=Q15276_A (# 1 out of 1)
			computing interface for chain pair Q9NZ52=Q15276_B-Q9NZ52=Q15276_A
			writing chain interfaces to file
			interface 1 found
	65 PPIs resolved
	63 PPIs annotated
	PPI: Q92608 - P63000
		PPI: Q92608 - P63000 (# 66 out of 237) (27.8 %)
		0 attempts (max 1)
		0 interfaces mapped (seeking 1)
		Chain pair: Q92608=P63000_A - Q92608=P63000_B (# 1 out of 1)
			computing interface for chain pair Q92608=P63000_A-Q92608=P63000_B
			writing chain interfaces to file
			interface 1 found
	66 PPIs resolved
	64 PPIs annotated
	PPI: O43187 - P51617
		PPI: O43187 - P51617 (# 67 out of 237) (28.3 %)
		0 attempts (max 1)
		0 interfaces mapped (seeking 1)
		Chain pair: O43187=P51617_A - O43187=P51617_B (# 1 out of 1)
			computing interface for chain pair O43187=P51617_A-O43187=P51617_B
			writing chain interfaces to file
			interface 1 found
	67 PPIs resolved
	65 PPIs annotated
	PPI: Q9Y616 - P51617
		PPI: Q9Y616 - P51617 (# 68 out of 237) (28.7 %)
		0 attempts (max 1)
		0 interfaces mapped (seeking 1)
		Chain pair: Q9Y616=P51617_A - Q9Y616=P51617_B (# 1 out of 1)
			computing interface for chain pair Q9Y616=P51617_A-Q9Y616=P51617_B
			writing chain interfaces to file
			interface 1 found
	68 PPIs resolved
	66 PPIs annotated
	PPI: Q9Y616 - O43187
		PPI: Q9Y616 - O43187 (# 69 out of 237) (29.1 %)
		0 attempts (max 1)
		0 interfaces mapped (seeking 1)
		Chain pair: Q9Y616=O43187_A - Q9Y616=O43187_B (# 1 out of 1)
			computing interface for chain pair Q9Y616=O43187_A-Q9Y616=O43187_B
			writing chain interfaces to file
			interface 1 found
	69 PPIs resolved
	67 PPIs annotated
	PPI: Q13233 - P45985
		PPI: Q13233 - P45985 (# 70 out of 237) (29.5 %)
		0 attempts (max 1)
		0 interfaces mapped (seeking 1)
		Chain pair: Q13233=P45985_A - Q13233=P45985_B (# 1 out of 1)
			computing interface for chain pair Q13233=P45985_A-Q13233=P45985_B
			writing chain interfaces to file
			interface 1 found
	70 PPIs resolved
	68 PPIs annotated
	PPI: Q9Y6R4 - P52564
		PPI: Q9Y6R4 - P52564 (# 71 out of 237) (30.0 %)
		0 attempts (max 1)
		0 interfaces mapped (seeking 1)
		Chain pair: Q9Y6R4=P52564_A - Q9Y6R4=P52564_B (# 1 out of 1)
			computing interface for chain pair Q9Y6R4=P52564_A-Q9Y6R4=P52564_B
			writing chain interfaces to file
			interface 1 found
	71 PPIs resolved
	69 PPIs annotated
	PPI: Q9NWZ3 - Q99836
		PPI: Q9NWZ3 - Q99836 (# 72 out of 237) (30.4 %)
		0 attempts (max 1)
		0 interfaces mapped (seeking 1)
		Chain pair: Q99836=Q9NWZ3_B - Q99836=Q9NWZ3_A (# 1 out of 1)
			computing interface for chain pair Q99836=Q9NWZ3_B-Q99836=Q9NWZ3_A
			writing chain interfaces to file
			interface 1 found
	72 PPIs resolved
	70 PPIs annotated
	PPI: P51617 - Q9NWZ3
		PPI: P51617 - Q9NWZ3 (# 73 out of 237) (30.8 %)
		0 attempts (max 1)
		0 interfaces mapped (seeking 1)
		Chain pair: P51617=Q9NWZ3_A - P51617=Q9NWZ3_B (# 1 out of 1)
			computing interface for chain pair P51617=Q9NWZ3_A-P51617=Q9NWZ3_B
			writing chain interfaces to file
			interface 1 found
	73 PPIs resolved
	71 PPIs annotated
	PPI: Q13586 - Q9P246
		PPI: Q13586 - Q9P246 (# 74 out of 237) (31.2 %)
		0 attempts (max 1)
		0 interfaces mapped (seeking 1)
		Chain pair: Q13586=Q9P246_A - Q13586=Q9P246_B (# 1 out of 1)
			computing interface for chain pair Q13586=Q9P246_A-Q13586=Q9P246_B
			writing chain interfaces to file
			interface 1 found
	74 PPIs resolved
	72 PPIs annotated
	PPI: P84077 - Q99418
		PPI: P84077 - Q99418 (# 75 out of 237) (31.6 %)
		0 attempts (max 1)
		0 interfaces mapped (seeking 1)
		Chain pair: P84077=Q99418_A - P84077=Q99418_B (# 1 out of 1)
			computing interface for chain pair P84077=Q99418_A-P84077=Q99418_B
			writing chain interfaces to file
			interface 1 found
	75 PPIs resolved
	73 PPIs annotated
	PPI: Q9Y265 - Q9Y230
		PPI: Q9Y265 - Q9Y230 (# 76 out of 237) (32.1 %)
		0 attempts (max 1)
		0 interfaces mapped (seeking 1)
		Chain pair: Q9Y265=Q9Y230_A - Q9Y265=Q9Y230_B (# 1 out of 1)
			computing interface for chain pair Q9Y265=Q9Y230_A-Q9Y265=Q9Y230_B
			writing chain interfaces to file
			interface 1 found
	76 PPIs resolved
	74 PPIs annotated
	PPI: Q13620 - Q86VP6
		PPI: Q13620 - Q86VP6 (# 77 out of 237) (32.5 %)
		0 attempts (max 1)
		0 interfaces mapped (seeking 1)
		Chain pair: Q86VP6=Q13620_B - Q86VP6=Q13620_A (# 1 out of 1)
			computing interface for chain pair Q86VP6=Q13620_B-Q86VP6=Q13620_A
			writing chain interfaces to file
			interface 1 found
	77 PPIs resolved
	75 PPIs annotated
	PPI: Q13620 - P62877
		PPI: Q13620 - P62877 (# 78 out of 237) (32.9 %)
		0 attempts (max 1)
		0 interfaces mapped (seeking 1)
		Chain pair: Q13620=P62877_A - Q13620=P62877_B (# 1 out of 1)
			computing interface for chain pair Q13620=P62877_A-Q13620=P62877_B
			writing chain interfaces to file
			interface 1 found
	78 PPIs resolved
	76 PPIs annotated
	PPI: Q86VP6 - Q13619
		PPI: Q86VP6 - Q13619 (# 79 out of 237) (33.3 %)
		0 attempts (max 1)
		0 interfaces mapped (seeking 1)
		Chain pair: Q86VP6=Q13619_A - Q86VP6=Q13619_B (# 1 out of 1)
			computing interface for chain pair Q86VP6=Q13619_A-Q86VP6=Q13619_B
			writing chain interfaces to file
			interface 1 found
	79 PPIs resolved
	77 PPIs annotated
	PPI: Q86VP6 - P62877
		PPI: Q86VP6 - P62877 (# 80 out of 237) (33.8 %)
		0 attempts (max 1)
		0 interfaces mapped (seeking 1)
		Chain pair: P62877=Q86VP6_B - P62877=Q86VP6_A (# 1 out of 1)
			computing interface for chain pair P62877=Q86VP6_B-P62877=Q86VP6_A
			writing chain interfaces to file
			interface 1 found
	80 PPIs resolved
	78 PPIs annotated
	PPI: Q86VP6 - Q13618
		PPI: Q86VP6 - Q13618 (# 81 out of 237) (34.2 %)
		0 attempts (max 1)
		0 interfaces mapped (seeking 1)
		Chain pair: Q86VP6=Q13618_A - Q86VP6=Q13618_B (# 1 out of 1)
			computing interface for chain pair Q86VP6=Q13618_A-Q86VP6=Q13618_B
			writing chain interfaces to file
			interface 1 found
	81 PPIs resolved
	79 PPIs annotated
	PPI: Q86VP6 - Q13616
		PPI: Q86VP6 - Q13616 (# 82 out of 237) (34.6 %)
		0 attempts (max 1)
		0 interfaces mapped (seeking 1)
		Chain pair: Q13616=Q86VP6_B - Q13616=Q86VP6_A (# 1 out of 1)
			computing interface for chain pair Q13616=Q86VP6_B-Q13616=Q86VP6_A
			writing chain interfaces to file
			interface 1 found
	82 PPIs resolved
	80 PPIs annotated
	PPI: Q86VP6 - Q13617
		PPI: Q86VP6 - Q13617 (# 83 out of 237) (35.0 %)
		0 attempts (max 1)
		0 interfaces mapped (seeking 1)
		Chain pair: Q13617=Q86VP6_B - Q13617=Q86VP6_A (# 1 out of 1)
			computing interface for chain pair Q13617=Q86VP6_B-Q13617=Q86VP6_A
			writing chain interfaces to file
			interface 1 found
	83 PPIs resolved
	81 PPIs annotated
	PPI: Q13616 - P63208
		PPI: Q13616 - P63208 (# 84 out of 237) (35.4 %)
		0 attempts (max 1)
		0 interfaces mapped (seeking 1)
		Chain pair: P63208=Q13616_B - P63208=Q13616_A (# 1 out of 1)
			computing interface for chain pair P63208=Q13616_B-P63208=Q13616_A
			writing chain interfaces to file
			interface 1 found
	84 PPIs resolved
	82 PPIs annotated
	PPI: Q13616 - P62877
		PPI: Q13616 - P62877 (# 85 out of 237) (35.9 %)
		0 attempts (max 1)
		0 interfaces mapped (seeking 1)
		Chain pair: Q13616=P62877_A - Q13616=P62877_B (# 1 out of 1)
			computing interface for chain pair Q13616=P62877_A-Q13616=P62877_B
			writing chain interfaces to file
			interface 1 found
	85 PPIs resolved
	83 PPIs annotated
	PPI: Q13309 - P63208
		PPI: Q13309 - P63208 (# 86 out of 237) (36.3 %)
		0 attempts (max 1)
		0 interfaces mapped (seeking 1)
		Chain pair: P63208=Q13309_B - P63208=Q13309_A (# 1 out of 1)
			computing interface for chain pair P63208=Q13309_B-P63208=Q13309_A
			writing chain interfaces to file
			interface 1 found
	86 PPIs resolved
	84 PPIs annotated
	PPI: Q13309 - Q13616
		PPI: Q13309 - Q13616 (# 87 out of 237) (36.7 %)
		0 attempts (max 1)
		0 interfaces mapped (seeking 1)
		Chain pair: Q13616=Q13309_B - Q13616=Q13309_A (# 1 out of 1)
			computing interface for chain pair Q13616=Q13309_B-Q13616=Q13309_A
			writing chain interfaces to file
			interface 1 found
	87 PPIs resolved
	85 PPIs annotated
	PPI: P61024 - Q13309
		PPI: P61024 - Q13309 (# 88 out of 237) (37.1 %)
		0 attempts (max 1)
		0 interfaces mapped (seeking 1)
		Chain pair: Q13309=P61024_B - Q13309=P61024_A (# 1 out of 1)
			computing interface for chain pair Q13309=P61024_B-Q13309=P61024_A
			writing chain interfaces to file
			interface 1 found
	88 PPIs resolved
	86 PPIs annotated
	PPI: Q9BYG3 - P46013
		PPI: Q9BYG3 - P46013 (# 89 out of 237) (37.6 %)
		0 attempts (max 1)
		0 interfaces mapped (seeking 1)
		Chain pair: P46013=Q9BYG3_B - P46013=Q9BYG3_A (# 1 out of 1)
			computing interface for chain pair P46013=Q9BYG3_B-P46013=Q9BYG3_A
			writing chain interfaces to file
			interface 1 found
	89 PPIs resolved
	87 PPIs annotated
	PPI: P26718 - Q6H3X3
		PPI: P26718 - Q6H3X3 (# 90 out of 237) (38.0 %)
		0 attempts (max 1)
		0 interfaces mapped (seeking 1)
		Chain pair: P26718=Q6H3X3_A - P26718=Q6H3X3_B (# 1 out of 1)
			computing interface for chain pair P26718=Q6H3X3_A-P26718=Q6H3X3_B
			writing chain interfaces to file
			interface 1 found
	90 PPIs resolved
	88 PPIs annotated
	PPI: Q04637 - P06730
		PPI: Q04637 - P06730 (# 91 out of 237) (38.4 %)
		0 attempts (max 1)
		0 interfaces mapped (seeking 1)
		Chain pair: P06730=Q04637_B - P06730=Q04637_A (# 1 out of 1)
			computing interface for chain pair P06730=Q04637_B-P06730=Q04637_A
			writing chain interfaces to file
			interface 1 found
	91 PPIs resolved
	89 PPIs annotated
	PPI: P38919 - Q9BZI7
		PPI: P38919 - Q9BZI7 (# 92 out of 237) (38.8 %)
		0 attempts (max 1)
		0 interfaces mapped (seeking 1)
		Chain pair: P38919=Q9BZI7_A - P38919=Q9BZI7_B (# 1 out of 1)
			computing interface for chain pair P38919=Q9BZI7_A-P38919=Q9BZI7_B
			writing chain interfaces to file
			interface 1 found
	92 PPIs resolved
	90 PPIs annotated
	PPI: P14635 - P38936
		PPI: P14635 - P38936 (# 93 out of 237) (39.2 %)
		0 attempts (max 1)
		0 interfaces mapped (seeking 1)
		Chain pair: P14635=P38936_A - P14635=P38936_B (# 1 out of 1)
			computing interface for chain pair P14635=P38936_A-P14635=P38936_B
			writing chain interfaces to file
			interface 1 found
	93 PPIs resolved
	91 PPIs annotated
	PPI: Q7L0Q8 - Q13153
		PPI: Q7L0Q8 - Q13153 (# 94 out of 237) (39.7 %)
		0 attempts (max 1)
		0 interfaces mapped (seeking 1)
		Chain pair: Q13153=Q7L0Q8_B - Q13153=Q7L0Q8_A (# 1 out of 1)
			computing interface for chain pair Q13153=Q7L0Q8_B-Q13153=Q7L0Q8_A
			writing chain interfaces to file
			interface 1 found
	94 PPIs resolved
	92 PPIs annotated
	PPI: Q96FX2 - Q9UGK8
		PPI: Q96FX2 - Q9UGK8 (# 95 out of 237) (40.1 %)
		0 attempts (max 1)
		0 interfaces mapped (seeking 1)
		Chain pair: Q96FX2=Q9UGK8_A - Q96FX2=Q9UGK8_B (# 1 out of 1)
			computing interface for chain pair Q96FX2=Q9UGK8_A-Q96FX2=Q9UGK8_B
			writing chain interfaces to file
			interface 1 found
	95 PPIs resolved
	93 PPIs annotated
	PPI: Q92888 - Q14344
		PPI: Q92888 - Q14344 (# 96 out of 237) (40.5 %)
		0 attempts (max 1)
		0 interfaces mapped (seeking 1)
		Chain pair: Q14344=Q92888_B - Q14344=Q92888_A (# 1 out of 1)
			computing interface for chain pair Q14344=Q92888_B-Q14344=Q92888_A
			writing chain interfaces to file
			interface 1 found
	96 PPIs resolved
	94 PPIs annotated
	PPI: P04899 - P32302
		PPI: P04899 - P32302 (# 97 out of 237) (40.9 %)
		0 attempts (max 1)
		0 interfaces mapped (seeking 1)
		Chain pair: P04899=P32302_A - P04899=P32302_B (# 1 out of 1)
			computing interface for chain pair P04899=P32302_A-P04899=P32302_B
			writing chain interfaces to file
			interface 1 found
	97 PPIs resolved
	95 PPIs annotated
	PPI: Q9Y2X7 - Q99728
		PPI: Q9Y2X7 - Q99728 (# 98 out of 237) (41.4 %)
		0 attempts (max 1)
		0 interfaces mapped (seeking 1)
		Chain pair: Q9Y2X7=Q99728_A - Q9Y2X7=Q99728_B (# 1 out of 1)
			computing interface for chain pair Q9Y2X7=Q99728_A-Q9Y2X7=Q99728_B
			writing chain interfaces to file
			interface 1 found
	98 PPIs resolved
	96 PPIs annotated
	PPI: Q8N2W9 - P61956
		PPI: Q8N2W9 - P61956 (# 99 out of 237) (41.8 %)
		0 attempts (max 1)
		0 interfaces mapped (seeking 1)
		Chain pair: Q8N2W9=P61956_A - Q8N2W9=P61956_B (# 1 out of 1)
			computing interface for chain pair Q8N2W9=P61956_A-Q8N2W9=P61956_B
			writing chain interfaces to file
			interface 1 found
	99 PPIs resolved
	97 PPIs annotated
	PPI: P08670 - P07196
		PPI: P08670 - P07196 (# 100 out of 237) (42.2 %)
		0 attempts (max 1)
		0 interfaces mapped (seeking 1)
		Chain pair: P08670=P07196_A - P08670=P07196_B (# 1 out of 1)
			computing interface for chain pair P08670=P07196_A-P08670=P07196_B
			writing chain interfaces to file
			interface 1 found
	100 PPIs resolved
	98 PPIs annotated
	PPI: P17612 - P10644
		PPI: P17612 - P10644 (# 101 out of 237) (42.6 %)
		0 attempts (max 1)
		0 interfaces mapped (seeking 1)
		Chain pair: P17612=P10644_A - P17612=P10644_B (# 1 out of 1)
			computing interface for chain pair P17612=P10644_A-P17612=P10644_B
			writing chain interfaces to file
			interface 1 found
	101 PPIs resolved
	99 PPIs annotated
	PPI: P35251 - P35250
		PPI: P35251 - P35250 (# 102 out of 237) (43.0 %)
		0 attempts (max 1)
		0 interfaces mapped (seeking 1)
		Chain pair: P35251=P35250_A - P35251=P35250_B (# 1 out of 1)
			computing interface for chain pair P35251=P35250_A-P35251=P35250_B
			writing chain interfaces to file
			interface 1 found
	102 PPIs resolved
	100 PPIs annotated
	PPI: P35250 - P35249
		PPI: P35250 - P35249 (# 103 out of 237) (43.5 %)
		0 attempts (max 1)
		0 interfaces mapped (seeking 1)
		Chain pair: P35250=P35249_A - P35250=P35249_B (# 1 out of 1)
			computing interface for chain pair P35250=P35249_A-P35250=P35249_B
			writing chain interfaces to file
			interface 1 found
	103 PPIs resolved
	101 PPIs annotated
	PPI: P51681 - P61073
		PPI: P51681 - P61073 (# 104 out of 237) (43.9 %)
		0 attempts (max 1)
		0 interfaces mapped (seeking 1)
		Chain pair: P51681=P61073_A - P51681=P61073_B (# 1 out of 1)
			computing interface for chain pair P51681=P61073_A-P51681=P61073_B
			writing chain interfaces to file
			interface 1 found
	104 PPIs resolved
	102 PPIs annotated
	PPI: P26010 - P21333
		PPI: P26010 - P21333 (# 105 out of 237) (44.3 %)
		0 attempts (max 1)
		0 interfaces mapped (seeking 1)
		Chain pair: P21333=P26010_B - P21333=P26010_A (# 1 out of 1)
			computing interface for chain pair P21333=P26010_B-P21333=P26010_A
			writing chain interfaces to file
			interface 1 found
	105 PPIs resolved
	103 PPIs annotated
	PPI: P14635 - Q99640
		PPI: P14635 - Q99640 (# 106 out of 237) (44.7 %)
		0 attempts (max 1)
		0 interfaces mapped (seeking 1)
		Chain pair: Q99640=P14635_B - Q99640=P14635_A (# 1 out of 1)
			computing interface for chain pair Q99640=P14635_B-Q99640=P14635_A
			writing chain interfaces to file
			interface 1 found
	106 PPIs resolved
	104 PPIs annotated
	PPI: Q99640 - P06493
		PPI: Q99640 - P06493 (# 107 out of 237) (45.1 %)
		0 attempts (max 1)
		0 interfaces mapped (seeking 1)
		Chain pair: Q99640=P06493_A - Q99640=P06493_B (# 1 out of 1)
			computing interface for chain pair Q99640=P06493_A-Q99640=P06493_B
			writing chain interfaces to file
			interface 1 found
	107 PPIs resolved
	105 PPIs annotated
	PPI: P48023 - P25445
		PPI: P48023 - P25445 (# 108 out of 237) (45.6 %)
		0 attempts (max 1)
		0 interfaces mapped (seeking 1)
		Chain pair: P48023=P25445_A - P48023=P25445_B (# 1 out of 1)
			computing interface for chain pair P48023=P25445_A-P48023=P25445_B
			writing chain interfaces to file
			interface 1 found
	108 PPIs resolved
	106 PPIs annotated
	PPI: Q14790 - O15519
		PPI: Q14790 - O15519 (# 109 out of 237) (46.0 %)
		0 attempts (max 1)
		0 interfaces mapped (seeking 1)
		Chain pair: O15519=Q14790_B - O15519=Q14790_A (# 1 out of 1)
			computing interface for chain pair O15519=Q14790_B-O15519=Q14790_A
			writing chain interfaces to file
			interface 1 found
	109 PPIs resolved
	107 PPIs annotated
	PPI: Q92851 - O15519
		PPI: Q92851 - O15519 (# 110 out of 237) (46.4 %)
		0 attempts (max 1)
		0 interfaces mapped (seeking 1)
		Chain pair: Q92851=O15519_A - Q92851=O15519_B (# 1 out of 1)
			computing interface for chain pair Q92851=O15519_A-Q92851=O15519_B
			writing chain interfaces to file
			interface 1 found
	110 PPIs resolved
	108 PPIs annotated
	PPI: P17858 - P08237
		PPI: P17858 - P08237 (# 111 out of 237) (46.8 %)
		0 attempts (max 1)
		0 interfaces mapped (seeking 1)
		Chain pair: P17858=P08237_A - P17858=P08237_B (# 1 out of 1)
			computing interface for chain pair P17858=P08237_A-P17858=P08237_B
			writing chain interfaces to file
			interface 1 found
	111 PPIs resolved
	109 PPIs annotated
	PPI: P14635 - P06493
		PPI: P14635 - P06493 (# 112 out of 237) (47.3 %)
		0 attempts (max 1)
		0 interfaces mapped (seeking 1)
		Chain pair: P06493=P14635_B - P06493=P14635_A (# 1 out of 1)
			computing interface for chain pair P06493=P14635_B-P06493=P14635_A
			writing chain interfaces to file
			interface 1 found
	112 PPIs resolved
	110 PPIs annotated
	PPI: P33991 - Q14566
		PPI: P33991 - Q14566 (# 113 out of 237) (47.7 %)
		0 attempts (max 1)
		0 interfaces mapped (seeking 1)
		Chain pair: P33991=Q14566_A - P33991=Q14566_B (# 1 out of 1)
			computing interface for chain pair P33991=Q14566_A-P33991=Q14566_B
			writing chain interfaces to file
			interface 1 found
	113 PPIs resolved
	111 PPIs annotated
	PPI: Q9UPU3 - P01138
		PPI: Q9UPU3 - P01138 (# 114 out of 237) (48.1 %)
		0 attempts (max 1)
		0 interfaces mapped (seeking 1)
		Chain pair: Q9UPU3=P01138_A - Q9UPU3=P01138_B (# 1 out of 1)
			computing interface for chain pair Q9UPU3=P01138_A-Q9UPU3=P01138_B
			writing chain interfaces to file
			interface 1 found
	114 PPIs resolved
	112 PPIs annotated
	PPI: P06213 - P29353
		PPI: P06213 - P29353 (# 115 out of 237) (48.5 %)
		0 attempts (max 1)
		0 interfaces mapped (seeking 1)
		Chain pair: P06213=P29353_A - P06213=P29353_B (# 1 out of 1)
			computing interface for chain pair P06213=P29353_A-P06213=P29353_B
			writing chain interfaces to file
			interface 1 found
	115 PPIs resolved
	113 PPIs annotated
	PPI: P11802 - P46527
		PPI: P11802 - P46527 (# 116 out of 237) (48.9 %)
		0 attempts (max 1)
		0 interfaces mapped (seeking 1)
		Chain pair: P11802=P46527_A - P11802=P46527_B (# 1 out of 1)
			computing interface for chain pair P11802=P46527_A-P11802=P46527_B
			writing chain interfaces to file
			interface 1 found
	116 PPIs resolved
	114 PPIs annotated
	PPI: P24385 - P46527
		PPI: P24385 - P46527 (# 117 out of 237) (49.4 %)
		0 attempts (max 1)
		0 interfaces mapped (seeking 1)
		Chain pair: P24385=P46527_A - P24385=P46527_B (# 1 out of 1)
			computing interface for chain pair P24385=P46527_A-P24385=P46527_B
			writing chain interfaces to file
			interface 1 found
	117 PPIs resolved
	115 PPIs annotated
	PPI: Q9Y275 - O14836
		PPI: Q9Y275 - O14836 (# 118 out of 237) (49.8 %)
		0 attempts (max 1)
		0 interfaces mapped (seeking 1)
		Chain pair: Q9Y275=O14836_A - Q9Y275=O14836_B (# 1 out of 1)
			computing interface for chain pair Q9Y275=O14836_A-Q9Y275=O14836_B
			writing chain interfaces to file
			interface 1 found
	118 PPIs resolved
	116 PPIs annotated
	PPI: P38936 - P24864
		PPI: P38936 - P24864 (# 119 out of 237) (50.2 %)
		0 attempts (max 1)
		0 interfaces mapped (seeking 1)
		Chain pair: P24864=P38936_B - P24864=P38936_A (# 1 out of 1)
			computing interface for chain pair P24864=P38936_B-P24864=P38936_A
			writing chain interfaces to file
			interface 1 found
	119 PPIs resolved
	117 PPIs annotated
	PPI: P46527 - P24864
		PPI: P46527 - P24864 (# 120 out of 237) (50.6 %)
		0 attempts (max 1)
		0 interfaces mapped (seeking 1)
		Chain pair: P24864=P46527_B - P24864=P46527_A (# 1 out of 1)
			computing interface for chain pair P24864=P46527_B-P24864=P46527_A
			writing chain interfaces to file
			interface 1 found
	120 PPIs resolved
	118 PPIs annotated
	PPI: P14635 - P46527
		PPI: P14635 - P46527 (# 121 out of 237) (51.1 %)
		0 attempts (max 1)
		0 interfaces mapped (seeking 1)
		Chain pair: P14635=P46527_A - P14635=P46527_B (# 1 out of 1)
			computing interface for chain pair P14635=P46527_A-P14635=P46527_B
			writing chain interfaces to file
			interface 1 found
	121 PPIs resolved
	119 PPIs annotated
	PPI: P24941 - P24864
		PPI: P24941 - P24864 (# 122 out of 237) (51.5 %)
		0 attempts (max 1)
		0 interfaces mapped (seeking 1)
		Chain pair: P24941=P24864_A - P24941=P24864_B (# 1 out of 1)
			computing interface for chain pair P24941=P24864_A-P24941=P24864_B
			writing chain interfaces to file
			interface 1 found
	122 PPIs resolved
	120 PPIs annotated
	PPI: P10415 - P55957
		PPI: P10415 - P55957 (# 123 out of 237) (51.9 %)
		0 attempts (max 1)
		0 interfaces mapped (seeking 1)
		Chain pair: P10415=P55957_A - P10415=P55957_B (# 1 out of 1)
			computing interface for chain pair P10415=P55957_A-P10415=P55957_B
			writing chain interfaces to file
			interface 1 found
	123 PPIs resolved
	121 PPIs annotated
	PPI: P55957 - Q16611
		PPI: P55957 - Q16611 (# 124 out of 237) (52.3 %)
		0 attempts (max 1)
		0 interfaces mapped (seeking 1)
		Chain pair: Q16611=P55957_B - Q16611=P55957_A (# 1 out of 1)
			computing interface for chain pair Q16611=P55957_B-Q16611=P55957_A
			writing chain interfaces to file
			interface 1 found
	124 PPIs resolved
	122 PPIs annotated
	PPI: P78560 - Q9HB75
		PPI: P78560 - Q9HB75 (# 125 out of 237) (52.7 %)
		0 attempts (max 1)
		0 interfaces mapped (seeking 1)
		Chain pair: P78560=Q9HB75_A - P78560=Q9HB75_B (# 1 out of 1)
			computing interface for chain pair P78560=Q9HB75_A-P78560=Q9HB75_B
			writing chain interfaces to file
			interface 1 found
	125 PPIs resolved
	123 PPIs annotated
	PPI: Q9NR28 - Q96CA5
		PPI: Q9NR28 - Q96CA5 (# 126 out of 237) (53.2 %)
		0 attempts (max 1)
		0 interfaces mapped (seeking 1)
		Chain pair: Q9NR28=Q96CA5_A - Q9NR28=Q96CA5_B (# 1 out of 1)
			computing interface for chain pair Q9NR28=Q96CA5_A-Q9NR28=Q96CA5_B
			writing chain interfaces to file
			interface 1 found
	126 PPIs resolved
	124 PPIs annotated
	PPI: P98170 - Q9NR28
		PPI: P98170 - Q9NR28 (# 127 out of 237) (53.6 %)
		0 attempts (max 1)
		0 interfaces mapped (seeking 1)
		Chain pair: Q9NR28=P98170_B - Q9NR28=P98170_A (# 1 out of 1)
			computing interface for chain pair Q9NR28=P98170_B-Q9NR28=P98170_A
			writing chain interfaces to file
			interface 1 found
	127 PPIs resolved
	125 PPIs annotated
	PPI: O43557 - Q92956
		PPI: O43557 - Q92956 (# 128 out of 237) (54.0 %)
		0 attempts (max 1)
		0 interfaces mapped (seeking 1)
		Chain pair: O43557=Q92956_A - O43557=Q92956_B (# 1 out of 1)
			computing interface for chain pair O43557=Q92956_A-O43557=Q92956_B
			writing chain interfaces to file
			interface 1 found
	128 PPIs resolved
	126 PPIs annotated
	PPI: O95407 - O43557
		PPI: O95407 - O43557 (# 129 out of 237) (54.4 %)
		0 attempts (max 1)
		0 interfaces mapped (seeking 1)
		Chain pair: O43557=O95407_B - O43557=O95407_A (# 1 out of 1)
			computing interface for chain pair O43557=O95407_B-O43557=O95407_A
			writing chain interfaces to file
			interface 1 found
	129 PPIs resolved
	127 PPIs annotated
	PPI: Q495M9 - Q9Y6N9
		PPI: Q495M9 - Q9Y6N9 (# 130 out of 237) (54.9 %)
		0 attempts (max 1)
		0 interfaces mapped (seeking 1)
		Chain pair: Q9Y6N9=Q495M9_B - Q9Y6N9=Q495M9_A (# 1 out of 1)
			computing interface for chain pair Q9Y6N9=Q495M9_B-Q9Y6N9=Q495M9_A
			writing chain interfaces to file
			interface 1 found
	130 PPIs resolved
	128 PPIs annotated
	PPI: Q8WYQ5 - Q9NRR4
		PPI: Q8WYQ5 - Q9NRR4 (# 131 out of 237) (55.3 %)
		0 attempts (max 1)
		0 interfaces mapped (seeking 1)
		Chain pair: Q9NRR4=Q8WYQ5_B - Q9NRR4=Q8WYQ5_A (# 1 out of 1)
			computing interface for chain pair Q9NRR4=Q8WYQ5_B-Q9NRR4=Q8WYQ5_A
			writing chain interfaces to file
			interface 1 found
	131 PPIs resolved
	129 PPIs annotated
	PPI: P58753 - Q99836
		PPI: P58753 - Q99836 (# 132 out of 237) (55.7 %)
		0 attempts (max 1)
		0 interfaces mapped (seeking 1)
		Chain pair: P58753=Q99836_A - P58753=Q99836_B (# 1 out of 1)
			computing interface for chain pair P58753=Q99836_A-P58753=Q99836_B
			writing chain interfaces to file
			interface 1 found
	132 PPIs resolved
	130 PPIs annotated
	PPI: P26038 - O14745
		PPI: P26038 - O14745 (# 133 out of 237) (56.1 %)
		0 attempts (max 1)
		0 interfaces mapped (seeking 1)
		Chain pair: P26038=O14745_A - P26038=O14745_B (# 1 out of 1)
			computing interface for chain pair P26038=O14745_A-P26038=O14745_B
			writing chain interfaces to file
			interface 1 found
	133 PPIs resolved
	131 PPIs annotated
	PPI: P15311 - O14745
		PPI: P15311 - O14745 (# 134 out of 237) (56.5 %)
		0 attempts (max 1)
		0 interfaces mapped (seeking 1)
		Chain pair: P15311=O14745_A - P15311=O14745_B (# 1 out of 1)
			computing interface for chain pair P15311=O14745_A-P15311=O14745_B
			writing chain interfaces to file
			interface 1 found
	134 PPIs resolved
	132 PPIs annotated
	PPI: O00512 - P35222
		PPI: O00512 - P35222 (# 135 out of 237) (57.0 %)
		0 attempts (max 1)
		0 interfaces mapped (seeking 1)
		Chain pair: P35222=O00512_B - P35222=O00512_A (# 1 out of 1)
			computing interface for chain pair P35222=O00512_B-P35222=O00512_A
			writing chain interfaces to file
			interface 1 found
	135 PPIs resolved
	133 PPIs annotated
	PPI: Q92900 - Q9HAU5
		PPI: Q92900 - Q9HAU5 (# 136 out of 237) (57.4 %)
		0 attempts (max 1)
		0 interfaces mapped (seeking 1)
		Chain pair: Q92900=Q9HAU5_A - Q92900=Q9HAU5_B (# 1 out of 1)
			computing interface for chain pair Q92900=Q9HAU5_A-Q92900=Q9HAU5_B
			writing chain interfaces to file
			interface 1 found
	136 PPIs resolved
	134 PPIs annotated
	PPI: Q96KB5 - P10398
		PPI: Q96KB5 - P10398 (# 137 out of 237) (57.8 %)
		0 attempts (max 1)
		0 interfaces mapped (seeking 1)
		Chain pair: P10398=Q96KB5_B - P10398=Q96KB5_A (# 1 out of 1)
			computing interface for chain pair P10398=Q96KB5_B-P10398=Q96KB5_A
			writing chain interfaces to file
			interface 1 found
	137 PPIs resolved
	135 PPIs annotated
	PPI: P31946 - P04049
		PPI: P31946 - P04049 (# 138 out of 237) (58.2 %)
		0 attempts (max 1)
		0 interfaces mapped (seeking 1)
		Chain pair: P04049=P31946_B - P04049=P31946_A (# 1 out of 1)
			computing interface for chain pair P04049=P31946_B-P04049=P31946_A
			writing chain interfaces to file
			interface 1 found
	138 PPIs resolved
	136 PPIs annotated
	PPI: Q6P2Q9 - Q96DI7
		PPI: Q6P2Q9 - Q96DI7 (# 139 out of 237) (58.6 %)
		0 attempts (max 1)
		0 interfaces mapped (seeking 1)
		Chain pair: Q6P2Q9=Q96DI7_A - Q6P2Q9=Q96DI7_B (# 1 out of 1)
			computing interface for chain pair Q6P2Q9=Q96DI7_A-Q6P2Q9=Q96DI7_B
			writing chain interfaces to file
			interface 1 found
	139 PPIs resolved
	137 PPIs annotated
	PPI: Q6P2Q9 - Q15029
		PPI: Q6P2Q9 - Q15029 (# 140 out of 237) (59.1 %)
		0 attempts (max 1)
		0 interfaces mapped (seeking 1)
		Chain pair: Q6P2Q9=Q15029_A - Q6P2Q9=Q15029_B (# 1 out of 1)
			computing interface for chain pair Q6P2Q9=Q15029_A-Q6P2Q9=Q15029_B
			writing chain interfaces to file
			interface 1 found
	140 PPIs resolved
	138 PPIs annotated
	PPI: Q6P2Q9 - O75643
		PPI: Q6P2Q9 - O75643 (# 141 out of 237) (59.5 %)
		0 attempts (max 1)
		0 interfaces mapped (seeking 1)
		Chain pair: Q6P2Q9=O75643_A - Q6P2Q9=O75643_B (# 1 out of 1)
			computing interface for chain pair Q6P2Q9=O75643_A-Q6P2Q9=O75643_B
			writing chain interfaces to file
			interface 1 found
	141 PPIs resolved
	139 PPIs annotated
	PPI: Q9BXS5 - P63010
		PPI: Q9BXS5 - P63010 (# 142 out of 237) (59.9 %)
		0 attempts (max 1)
		0 interfaces mapped (seeking 1)
		Chain pair: P63010=Q9BXS5_B - P63010=Q9BXS5_A (# 1 out of 1)
			computing interface for chain pair P63010=Q9BXS5_B-P63010=Q9BXS5_A
			writing chain interfaces to file
			interface 1 found
	142 PPIs resolved
	140 PPIs annotated
	PPI: Q03164 - O00255
		PPI: Q03164 - O00255 (# 143 out of 237) (60.3 %)
		0 attempts (max 1)
		0 interfaces mapped (seeking 1)
		Chain pair: O00255=Q03164_B - O00255=Q03164_A (# 1 out of 1)
			computing interface for chain pair O00255=Q03164_B-O00255=Q03164_A
			writing chain interfaces to file
			interface 1 found
	143 PPIs resolved
	141 PPIs annotated
	PPI: Q03164 - Q15291
		PPI: Q03164 - Q15291 (# 144 out of 237) (60.8 %)
		0 attempts (max 1)
		0 interfaces mapped (seeking 1)
		Chain pair: Q03164=Q15291_A - Q03164=Q15291_B (# 1 out of 1)
			computing interface for chain pair Q03164=Q15291_A-Q03164=Q15291_B
			writing chain interfaces to file
			interface 1 found
	144 PPIs resolved
	142 PPIs annotated
	PPI: Q9NSA3 - P35222
		PPI: Q9NSA3 - P35222 (# 145 out of 237) (61.2 %)
		0 attempts (max 1)
		0 interfaces mapped (seeking 1)
		Chain pair: P35222=Q9NSA3_B - P35222=Q9NSA3_A (# 1 out of 1)
			computing interface for chain pair P35222=Q9NSA3_B-P35222=Q9NSA3_A
			writing chain interfaces to file
			interface 1 found
	145 PPIs resolved
	143 PPIs annotated
	PPI: O95049 - Q8NI35
		PPI: O95049 - Q8NI35 (# 146 out of 237) (61.6 %)
		0 attempts (max 1)
		0 interfaces mapped (seeking 1)
		Chain pair: O95049=Q8NI35_A - O95049=Q8NI35_B (# 1 out of 1)
			computing interface for chain pair O95049=Q8NI35_A-O95049=Q8NI35_B
			writing chain interfaces to file
			interface 1 found
	146 PPIs resolved
	144 PPIs annotated
	PPI: P25787 - P49720
		PPI: P25787 - P49720 (# 147 out of 237) (62.0 %)
		0 attempts (max 1)
		0 interfaces mapped (seeking 1)
		Chain pair: P25787=P49720_A - P25787=P49720_B (# 1 out of 1)
			computing interface for chain pair P25787=P49720_A-P25787=P49720_B
			writing chain interfaces to file
			interface 1 found
	147 PPIs resolved
	145 PPIs annotated
	PPI: P25787 - P25789
		PPI: P25787 - P25789 (# 148 out of 237) (62.4 %)
		0 attempts (max 1)
		0 interfaces mapped (seeking 1)
		Chain pair: P25787=P25789_A - P25787=P25789_B (# 1 out of 1)
			computing interface for chain pair P25787=P25789_A-P25787=P25789_B
			writing chain interfaces to file
			interface 1 found
	148 PPIs resolved
	146 PPIs annotated
	PPI: P25787 - P28066
		PPI: P25787 - P28066 (# 149 out of 237) (62.9 %)
		0 attempts (max 1)
		0 interfaces mapped (seeking 1)
		Chain pair: P25787=P28066_A - P25787=P28066_B (# 1 out of 1)
			computing interface for chain pair P25787=P28066_A-P25787=P28066_B
			writing chain interfaces to file
			interface 1 found
	149 PPIs resolved
	147 PPIs annotated
	PPI: P25787 - P60900
		PPI: P25787 - P60900 (# 150 out of 237) (63.3 %)
		0 attempts (max 1)
		0 interfaces mapped (seeking 1)
		Chain pair: P60900=P25787_B - P60900=P25787_A (# 1 out of 1)
			computing interface for chain pair P60900=P25787_B-P60900=P25787_A
			writing chain interfaces to file
			interface 1 found
	150 PPIs resolved
	148 PPIs annotated
	PPI: P25787 - Q99436
		PPI: P25787 - Q99436 (# 151 out of 237) (63.7 %)
		0 attempts (max 1)
		0 interfaces mapped (seeking 1)
		Chain pair: Q99436=P25787_B - Q99436=P25787_A (# 1 out of 1)
			computing interface for chain pair Q99436=P25787_B-Q99436=P25787_A
			writing chain interfaces to file
			interface 1 found
	151 PPIs resolved
	149 PPIs annotated
	PPI: P43403 - P06239
		PPI: P43403 - P06239 (# 152 out of 237) (64.1 %)
		0 attempts (max 1)
		0 interfaces mapped (seeking 1)
		Chain pair: P43403=P06239_A - P43403=P06239_B (# 1 out of 1)
			computing interface for chain pair P43403=P06239_A-P43403=P06239_B
			writing chain interfaces to file
			interface 1 found
	152 PPIs resolved
	150 PPIs annotated
	PPI: P63165 - Q9P0U3
		PPI: P63165 - Q9P0U3 (# 153 out of 237) (64.6 %)
		0 attempts (max 1)
		0 interfaces mapped (seeking 1)
		Chain pair: Q9P0U3=P63165_B - Q9P0U3=P63165_A (# 1 out of 1)
			computing interface for chain pair Q9P0U3=P63165_B-Q9P0U3=P63165_A
			writing chain interfaces to file
			interface 1 found
	153 PPIs resolved
	151 PPIs annotated
	PPI: Q15631 - Q99598
		PPI: Q15631 - Q99598 (# 154 out of 237) (65.0 %)
		0 attempts (max 1)
		0 interfaces mapped (seeking 1)
		Chain pair: Q15631=Q99598_A - Q15631=Q99598_B (# 1 out of 1)
			computing interface for chain pair Q15631=Q99598_A-Q15631=Q99598_B
			writing chain interfaces to file
			interface 1 found
	154 PPIs resolved
	152 PPIs annotated
	PPI: Q9Y3C5 - P61088
		PPI: Q9Y3C5 - P61088 (# 155 out of 237) (65.4 %)
		0 attempts (max 1)
		0 interfaces mapped (seeking 1)
		Chain pair: P61088=Q9Y3C5_B - P61088=Q9Y3C5_A (# 1 out of 1)
			computing interface for chain pair P61088=Q9Y3C5_B-P61088=Q9Y3C5_A
			writing chain interfaces to file
			interface 1 found
	155 PPIs resolved
	153 PPIs annotated
	PPI: P62837 - Q9Y3C5
		PPI: P62837 - Q9Y3C5 (# 156 out of 237) (65.8 %)
		0 attempts (max 1)
		0 interfaces mapped (seeking 1)
		Chain pair: P62837=Q9Y3C5_A - P62837=Q9Y3C5_B (# 1 out of 1)
			computing interface for chain pair P62837=Q9Y3C5_A-P62837=Q9Y3C5_B
			writing chain interfaces to file
			interface 1 found
	156 PPIs resolved
	154 PPIs annotated
	PPI: Q9Y2X8 - Q9Y3C5
		PPI: Q9Y2X8 - Q9Y3C5 (# 157 out of 237) (66.2 %)
		0 attempts (max 1)
		0 interfaces mapped (seeking 1)
		Chain pair: Q9Y2X8=Q9Y3C5_A - Q9Y2X8=Q9Y3C5_B (# 1 out of 1)
			computing interface for chain pair Q9Y2X8=Q9Y3C5_A-Q9Y2X8=Q9Y3C5_B
			writing chain interfaces to file
			interface 1 found
	157 PPIs resolved
	155 PPIs annotated
	PPI: Q86U70 - P61968
		PPI: Q86U70 - P61968 (# 158 out of 237) (66.7 %)
		0 attempts (max 1)
		0 interfaces mapped (seeking 1)
		Chain pair: P61968=Q86U70_B - P61968=Q86U70_A (# 1 out of 1)
			computing interface for chain pair P61968=Q86U70_B-P61968=Q86U70_A
			writing chain interfaces to file
			interface 1 found
	158 PPIs resolved
	156 PPIs annotated
	PPI: P61968 - O43679
		PPI: P61968 - O43679 (# 159 out of 237) (67.1 %)
		0 attempts (max 1)
		0 interfaces mapped (seeking 1)
		Chain pair: P61968=O43679_A - P61968=O43679_B (# 1 out of 1)
			computing interface for chain pair P61968=O43679_A-P61968=O43679_B
			writing chain interfaces to file
			interface 1 found
	159 PPIs resolved
	157 PPIs annotated
	PPI: Q15796 - P12757
		PPI: Q15796 - P12757 (# 160 out of 237) (67.5 %)
		0 attempts (max 1)
		0 interfaces mapped (seeking 1)
		Chain pair: Q15796=P12757_A - Q15796=P12757_B (# 1 out of 1)
			computing interface for chain pair Q15796=P12757_A-Q15796=P12757_B
			writing chain interfaces to file
			interface 1 found
	160 PPIs resolved
	158 PPIs annotated
	PPI: P12757 - Q13485
		PPI: P12757 - Q13485 (# 161 out of 237) (67.9 %)
		0 attempts (max 1)
		0 interfaces mapped (seeking 1)
		Chain pair: Q13485=P12757_B - Q13485=P12757_A (# 1 out of 1)
			computing interface for chain pair Q13485=P12757_B-Q13485=P12757_A
			writing chain interfaces to file
			interface 1 found
	161 PPIs resolved
	159 PPIs annotated
	PPI: P84022 - Q13485
		PPI: P84022 - Q13485 (# 162 out of 237) (68.4 %)
		0 attempts (max 1)
		0 interfaces mapped (seeking 1)
		Chain pair: P84022=Q13485_A - P84022=Q13485_B (# 1 out of 1)
			computing interface for chain pair P84022=Q13485_A-P84022=Q13485_B
			writing chain interfaces to file
			interface 1 found
	162 PPIs resolved
	160 PPIs annotated
	PPI: Q9Y2U8 - Q15797
		PPI: Q9Y2U8 - Q15797 (# 163 out of 237) (68.8 %)
		0 attempts (max 1)
		0 interfaces mapped (seeking 1)
		Chain pair: Q15797=Q9Y2U8_B - Q15797=Q9Y2U8_A (# 1 out of 1)
			computing interface for chain pair Q15797=Q9Y2U8_B-Q15797=Q9Y2U8_A
			writing chain interfaces to file
			interface 1 found
	163 PPIs resolved
	161 PPIs annotated
	PPI: Q13485 - Q15797
		PPI: Q13485 - Q15797 (# 164 out of 237) (69.2 %)
		0 attempts (max 1)
		0 interfaces mapped (seeking 1)
		Chain pair: Q15797=Q13485_B - Q15797=Q13485_A (# 1 out of 1)
			computing interface for chain pair Q15797=Q13485_B-Q15797=Q13485_A
			writing chain interfaces to file
			interface 1 found
	164 PPIs resolved
	162 PPIs annotated
	PPI: O95405 - Q15796
		PPI: O95405 - Q15796 (# 165 out of 237) (69.6 %)
		0 attempts (max 1)
		0 interfaces mapped (seeking 1)
		Chain pair: Q15796=O95405_B - Q15796=O95405_A (# 1 out of 1)
			computing interface for chain pair Q15796=O95405_B-Q15796=O95405_A
			writing chain interfaces to file
			interface 1 found
	165 PPIs resolved
	163 PPIs annotated
	PPI: O75533 - Q8TAD8
		PPI: O75533 - Q8TAD8 (# 166 out of 237) (70.0 %)
		0 attempts (max 1)
		0 interfaces mapped (seeking 1)
		Chain pair: O75533=Q8TAD8_A - O75533=Q8TAD8_B (# 1 out of 1)
			computing interface for chain pair O75533=Q8TAD8_A-O75533=Q8TAD8_B
			writing chain interfaces to file
			interface 1 found
	166 PPIs resolved
	164 PPIs annotated
	PPI: Q12972 - P62136
		PPI: Q12972 - P62136 (# 167 out of 237) (70.5 %)
		0 attempts (max 1)
		0 interfaces mapped (seeking 1)
		Chain pair: P62136=Q12972_B - P62136=Q12972_A (# 1 out of 1)
			computing interface for chain pair P62136=Q12972_B-P62136=Q12972_A
			writing chain interfaces to file
			interface 1 found
	167 PPIs resolved
	165 PPIs annotated
	PPI: P62136 - Q96QC0
		PPI: P62136 - Q96QC0 (# 168 out of 237) (70.9 %)
		0 attempts (max 1)
		0 interfaces mapped (seeking 1)
		Chain pair: P62136=Q96QC0_A - P62136=Q96QC0_B (# 1 out of 1)
			computing interface for chain pair P62136=Q96QC0_A-P62136=Q96QC0_B
			writing chain interfaces to file
			interface 1 found
	168 PPIs resolved
	166 PPIs annotated
	PPI: Q5SWA1 - P62136
		PPI: Q5SWA1 - P62136 (# 169 out of 237) (71.3 %)
		0 attempts (max 1)
		0 interfaces mapped (seeking 1)
		Chain pair: P62136=Q5SWA1_B - P62136=Q5SWA1_A (# 1 out of 1)
			computing interface for chain pair P62136=Q5SWA1_B-P62136=Q5SWA1_A
			writing chain interfaces to file
			interface 1 found
	169 PPIs resolved
	167 PPIs annotated
	PPI: P62136 - Q13625
		PPI: P62136 - Q13625 (# 170 out of 237) (71.7 %)
		0 attempts (max 1)
		0 interfaces mapped (seeking 1)
		Chain pair: P62136=Q13625_A - P62136=Q13625_B (# 1 out of 1)
			computing interface for chain pair P62136=Q13625_A-P62136=Q13625_B
			writing chain interfaces to file
			interface 1 found
	170 PPIs resolved
	168 PPIs annotated
	PPI: P62136 - O75807
		PPI: P62136 - O75807 (# 171 out of 237) (72.2 %)
		0 attempts (max 1)
		0 interfaces mapped (seeking 1)
		Chain pair: P62136=O75807_A - P62136=O75807_B (# 1 out of 1)
			computing interface for chain pair P62136=O75807_A-P62136=O75807_B
			writing chain interfaces to file
			interface 1 found
	171 PPIs resolved
	169 PPIs annotated
	PPI: P62136 - Q86XI6
		PPI: P62136 - Q86XI6 (# 172 out of 237) (72.6 %)
		0 attempts (max 1)
		0 interfaces mapped (seeking 1)
		Chain pair: P62136=Q86XI6_A - P62136=Q86XI6_B (# 1 out of 1)
			computing interface for chain pair P62136=Q86XI6_A-P62136=Q86XI6_B
			writing chain interfaces to file
			interface 1 found
	172 PPIs resolved
	170 PPIs annotated
	PPI: Q96SB3 - P62136
		PPI: Q96SB3 - P62136 (# 173 out of 237) (73.0 %)
		0 attempts (max 1)
		0 interfaces mapped (seeking 1)
		Chain pair: P62136=Q96SB3_B - P62136=Q96SB3_A (# 1 out of 1)
			computing interface for chain pair P62136=Q96SB3_B-P62136=Q96SB3_A
			writing chain interfaces to file
			interface 1 found
	173 PPIs resolved
	171 PPIs annotated
	PPI: Q8NG31 - P62136
		PPI: Q8NG31 - P62136 (# 174 out of 237) (73.4 %)
		0 attempts (max 1)
		0 interfaces mapped (seeking 1)
		Chain pair: P62136=Q8NG31_B - P62136=Q8NG31_A (# 1 out of 1)
			computing interface for chain pair P62136=Q8NG31_B-P62136=Q8NG31_A
			writing chain interfaces to file
			interface 1 found
	174 PPIs resolved
	172 PPIs annotated
	PPI: Q96KQ4 - P62136
		PPI: Q96KQ4 - P62136 (# 175 out of 237) (73.8 %)
		0 attempts (max 1)
		0 interfaces mapped (seeking 1)
		Chain pair: P62136=Q96KQ4_B - P62136=Q96KQ4_A (# 1 out of 1)
			computing interface for chain pair P62136=Q96KQ4_B-P62136=Q96KQ4_A
			writing chain interfaces to file
			interface 1 found
	175 PPIs resolved
	173 PPIs annotated
	PPI: P81274 - P63096
		PPI: P81274 - P63096 (# 176 out of 237) (74.3 %)
		0 attempts (max 1)
		0 interfaces mapped (seeking 1)
		Chain pair: P63096=P81274_B - P63096=P81274_A (# 1 out of 1)
			computing interface for chain pair P63096=P81274_B-P63096=P81274_A
			writing chain interfaces to file
			interface 1 found
	176 PPIs resolved
	174 PPIs annotated
	PPI: P81274 - Q14980
		PPI: P81274 - Q14980 (# 177 out of 237) (74.7 %)
		0 attempts (max 1)
		0 interfaces mapped (seeking 1)
		Chain pair: P81274=Q14980_A - P81274=Q14980_B (# 1 out of 1)
			computing interface for chain pair P81274=Q14980_A-P81274=Q14980_B
			writing chain interfaces to file
			interface 1 found
	177 PPIs resolved
	175 PPIs annotated
	PPI: P38919 - Q9Y5S9
		PPI: P38919 - Q9Y5S9 (# 178 out of 237) (75.1 %)
		0 attempts (max 1)
		0 interfaces mapped (seeking 1)
		Chain pair: Q9Y5S9=P38919_B - Q9Y5S9=P38919_A (# 1 out of 1)
			computing interface for chain pair Q9Y5S9=P38919_B-Q9Y5S9=P38919_A
			writing chain interfaces to file
			interface 1 found
	178 PPIs resolved
	176 PPIs annotated
	PPI: P61326 - P38919
		PPI: P61326 - P38919 (# 179 out of 237) (75.5 %)
		0 attempts (max 1)
		0 interfaces mapped (seeking 1)
		Chain pair: P61326=P38919_A - P61326=P38919_B (# 1 out of 1)
			computing interface for chain pair P61326=P38919_A-P61326=P38919_B
			writing chain interfaces to file
			interface 1 found
	179 PPIs resolved
	177 PPIs annotated
	PPI: Q8N2Y8 - Q9H0U4
		PPI: Q8N2Y8 - Q9H0U4 (# 180 out of 237) (75.9 %)
		0 attempts (max 1)
		0 interfaces mapped (seeking 1)
		Chain pair: Q9H0U4=Q8N2Y8_B - Q9H0U4=Q8N2Y8_A (# 1 out of 1)
			computing interface for chain pair Q9H0U4=Q8N2Y8_B-Q9H0U4=Q8N2Y8_A
			writing chain interfaces to file
			interface 1 found
	180 PPIs resolved
	178 PPIs annotated
	PPI: Q9H9A7 - Q13472
		PPI: Q9H9A7 - Q13472 (# 181 out of 237) (76.4 %)
		0 attempts (max 1)
		0 interfaces mapped (seeking 1)
		Chain pair: Q13472=Q9H9A7_B - Q13472=Q9H9A7_A (# 1 out of 1)
			computing interface for chain pair Q13472=Q9H9A7_B-Q13472=Q9H9A7_A
			writing chain interfaces to file
			interface 1 found
	181 PPIs resolved
	179 PPIs annotated
	PPI: P62993 - P15498
		PPI: P62993 - P15498 (# 182 out of 237) (76.8 %)
		0 attempts (max 1)
		0 interfaces mapped (seeking 1)
		Chain pair: P62993=P15498_A - P62993=P15498_B (# 1 out of 1)
			computing interface for chain pair P62993=P15498_A-P62993=P15498_B
			writing chain interfaces to file
			interface 1 found
	182 PPIs resolved
	180 PPIs annotated
	PPI: P46531 - Q06330
		PPI: P46531 - Q06330 (# 183 out of 237) (77.2 %)
		0 attempts (max 1)
		0 interfaces mapped (seeking 1)
		Chain pair: Q06330=P46531_B - Q06330=P46531_A (# 1 out of 1)
			computing interface for chain pair Q06330=P46531_B-Q06330=P46531_A
			writing chain interfaces to file
			interface 1 found
	183 PPIs resolved
	181 PPIs annotated
	PPI: P51955 - Q8NG66
		PPI: P51955 - Q8NG66 (# 184 out of 237) (77.6 %)
		0 attempts (max 1)
		0 interfaces mapped (seeking 1)
		Chain pair: P51955=Q8NG66_A - P51955=Q8NG66_B (# 1 out of 1)
			computing interface for chain pair P51955=Q8NG66_A-P51955=Q8NG66_B
			writing chain interfaces to file
			interface 1 found
	184 PPIs resolved
	182 PPIs annotated
	PPI: P20823 - Q9H0N5
		PPI: P20823 - Q9H0N5 (# 185 out of 237) (78.1 %)
		0 attempts (max 1)
		0 interfaces mapped (seeking 1)
		Chain pair: Q9H0N5=P20823_B - Q9H0N5=P20823_A (# 1 out of 1)
			computing interface for chain pair Q9H0N5=P20823_B-Q9H0N5=P20823_A
			writing chain interfaces to file
			interface 1 found
	185 PPIs resolved
	183 PPIs annotated
	PPI: P62714 - P30153
		PPI: P62714 - P30153 (# 186 out of 237) (78.5 %)
		0 attempts (max 1)
		0 interfaces mapped (seeking 1)
		Chain pair: P30153=P62714_B - P30153=P62714_A (# 1 out of 1)
			computing interface for chain pair P30153=P62714_B-P30153=P62714_A
			writing chain interfaces to file
			interface 1 found
	186 PPIs resolved
	184 PPIs annotated
	PPI: Q14160 - Q9UDY2
		PPI: Q14160 - Q9UDY2 (# 187 out of 237) (78.9 %)
		0 attempts (max 1)
		0 interfaces mapped (seeking 1)
		Chain pair: Q9UDY2=Q14160_B - Q9UDY2=Q14160_A (# 1 out of 1)
			computing interface for chain pair Q9UDY2=Q14160_B-Q9UDY2=Q14160_A
			writing chain interfaces to file
			interface 1 found
	187 PPIs resolved
	185 PPIs annotated
	PPI: P51532 - P60709
		PPI: P51532 - P60709 (# 188 out of 237) (79.3 %)
		0 attempts (max 1)
		0 interfaces mapped (seeking 1)
		Chain pair: P51532=P60709_A - P51532=P60709_B (# 1 out of 1)
			computing interface for chain pair P51532=P60709_A-P51532=P60709_B
			writing chain interfaces to file
			interface 1 found
	188 PPIs resolved
	186 PPIs annotated
	PPI: P51532 - O96019
		PPI: P51532 - O96019 (# 189 out of 237) (79.7 %)
		0 attempts (max 1)
		0 interfaces mapped (seeking 1)
		Chain pair: P51532=O96019_A - P51532=O96019_B (# 1 out of 1)
			computing interface for chain pair P51532=O96019_A-P51532=O96019_B
			writing chain interfaces to file
			interface 1 found
	189 PPIs resolved
	187 PPIs annotated
	PPI: P51532 - Q96GM5
		PPI: P51532 - Q96GM5 (# 190 out of 237) (80.2 %)
		0 attempts (max 1)
		0 interfaces mapped (seeking 1)
		Chain pair: P51532=Q96GM5_A - P51532=Q96GM5_B (# 1 out of 1)
			computing interface for chain pair P51532=Q96GM5_A-P51532=Q96GM5_B
			writing chain interfaces to file
			interface 1 found
	190 PPIs resolved
	188 PPIs annotated
	PPI: P62330 - P53365
		PPI: P62330 - P53365 (# 191 out of 237) (80.6 %)
		0 attempts (max 1)
		0 interfaces mapped (seeking 1)
		Chain pair: P62330=P53365_A - P62330=P53365_B (# 1 out of 1)
			computing interface for chain pair P62330=P53365_A-P62330=P53365_B
			writing chain interfaces to file
			interface 1 found
	191 PPIs resolved
	189 PPIs annotated
	PPI: P63000 - P53365
		PPI: P63000 - P53365 (# 192 out of 237) (81.0 %)
		0 attempts (max 1)
		0 interfaces mapped (seeking 1)
		Chain pair: P53365=P63000_B - P53365=P63000_A (# 1 out of 1)
			computing interface for chain pair P53365=P63000_B-P53365=P63000_A
			writing chain interfaces to file
			interface 1 found
	192 PPIs resolved
	190 PPIs annotated
	PPI: O96019 - Q12824
		PPI: O96019 - Q12824 (# 193 out of 237) (81.4 %)
		0 attempts (max 1)
		0 interfaces mapped (seeking 1)
		Chain pair: O96019=Q12824_A - O96019=Q12824_B (# 1 out of 1)
			computing interface for chain pair O96019=Q12824_A-O96019=Q12824_B
			writing chain interfaces to file
	193 PPIs resolved
	190 PPIs annotated
	PPI: Q16543 - P08238
		PPI: Q16543 - P08238 (# 194 out of 237) (81.9 %)
		0 attempts (max 1)
		0 interfaces mapped (seeking 1)
		Chain pair: P08238=Q16543_B - P08238=Q16543_A (# 1 out of 1)
			computing interface for chain pair P08238=Q16543_B-P08238=Q16543_A
			writing chain interfaces to file
			interface 1 found
	194 PPIs resolved
	191 PPIs annotated
	PPI: P40189 - P15018
		PPI: P40189 - P15018 (# 195 out of 237) (82.3 %)
		0 attempts (max 1)
		0 interfaces mapped (seeking 1)
		Chain pair: P40189=P15018_A - P40189=P15018_B (# 1 out of 1)
			computing interface for chain pair P40189=P15018_A-P40189=P15018_B
			writing chain interfaces to file
			interface 1 found
	195 PPIs resolved
	192 PPIs annotated
	PPI: P00533 - P01133
		PPI: P00533 - P01133 (# 196 out of 237) (82.7 %)
		0 attempts (max 1)
		0 interfaces mapped (seeking 1)
		Chain pair: P00533=P01133_A - P00533=P01133_B (# 1 out of 1)
			computing interface for chain pair P00533=P01133_A-P00533=P01133_B
			writing chain interfaces to file
			interface 1 found
	196 PPIs resolved
	193 PPIs annotated
	PPI: P25787 - P25786
		PPI: P25787 - P25786 (# 197 out of 237) (83.1 %)
		0 attempts (max 1)
		0 interfaces mapped (seeking 1)
		Chain pair: P25787=P25786_A - P25787=P25786_B (# 1 out of 1)
			computing interface for chain pair P25787=P25786_A-P25787=P25786_B
			writing chain interfaces to file
			interface 1 found
	197 PPIs resolved
	194 PPIs annotated
	PPI: O14818 - P25786
		PPI: O14818 - P25786 (# 198 out of 237) (83.5 %)
		0 attempts (max 1)
		0 interfaces mapped (seeking 1)
		Chain pair: O14818=P25786_A - O14818=P25786_B (# 1 out of 1)
			computing interface for chain pair O14818=P25786_A-O14818=P25786_B
			writing chain interfaces to file
			interface 1 found
	198 PPIs resolved
	195 PPIs annotated
	PPI: P25788 - P25789
		PPI: P25788 - P25789 (# 199 out of 237) (84.0 %)
		0 attempts (max 1)
		0 interfaces mapped (seeking 1)
		Chain pair: P25789=P25788_B - P25789=P25788_A (# 1 out of 1)
			computing interface for chain pair P25789=P25788_B-P25789=P25788_A
			writing chain interfaces to file
			interface 1 found
	199 PPIs resolved
	196 PPIs annotated
	PPI: P25789 - O14818
		PPI: P25789 - O14818 (# 200 out of 237) (84.4 %)
		0 attempts (max 1)
		0 interfaces mapped (seeking 1)
		Chain pair: P25789=O14818_A - P25789=O14818_B (# 1 out of 1)
			computing interface for chain pair P25789=O14818_A-P25789=O14818_B
			writing chain interfaces to file
			interface 1 found
	200 PPIs resolved
	197 PPIs annotated
	PPI: P49721 - P49720
		PPI: P49721 - P49720 (# 201 out of 237) (84.8 %)
		0 attempts (max 1)
		0 interfaces mapped (seeking 1)
		Chain pair: P49720=P49721_B - P49720=P49721_A (# 1 out of 1)
			computing interface for chain pair P49720=P49721_B-P49720=P49721_A
			writing chain interfaces to file
			interface 1 found
	201 PPIs resolved
	198 PPIs annotated
	PPI: P49720 - P20618
		PPI: P49720 - P20618 (# 202 out of 237) (85.2 %)
		0 attempts (max 1)
		0 interfaces mapped (seeking 1)
		Chain pair: P49720=P20618_A - P49720=P20618_B (# 1 out of 1)
			computing interface for chain pair P49720=P20618_A-P49720=P20618_B
			writing chain interfaces to file
			interface 1 found
	202 PPIs resolved
	199 PPIs annotated
	PPI: Q99436 - P20618
		PPI: Q99436 - P20618 (# 203 out of 237) (85.7 %)
		0 attempts (max 1)
		0 interfaces mapped (seeking 1)
		Chain pair: Q99436=P20618_A - Q99436=P20618_B (# 1 out of 1)
			computing interface for chain pair Q99436=P20618_A-Q99436=P20618_B
			writing chain interfaces to file
			interface 1 found
	203 PPIs resolved
	200 PPIs annotated
	PPI: P28074 - P20618
		PPI: P28074 - P20618 (# 204 out of 237) (86.1 %)
		0 attempts (max 1)
		0 interfaces mapped (seeking 1)
		Chain pair: P28074=P20618_A - P28074=P20618_B (# 1 out of 1)
			computing interface for chain pair P28074=P20618_A-P28074=P20618_B
			writing chain interfaces to file
			interface 1 found
	204 PPIs resolved
	201 PPIs annotated
	PPI: Q99436 - P28065
		PPI: Q99436 - P28065 (# 205 out of 237) (86.5 %)
		0 attempts (max 1)
		0 interfaces mapped (seeking 1)
		Chain pair: Q99436=P28065_A - Q99436=P28065_B (# 1 out of 1)
			computing interface for chain pair Q99436=P28065_A-Q99436=P28065_B
			writing chain interfaces to file
			interface 1 found
	205 PPIs resolved
	202 PPIs annotated
	PPI: P40306 - P49720
		PPI: P40306 - P49720 (# 206 out of 237) (86.9 %)
		0 attempts (max 1)
		0 interfaces mapped (seeking 1)
		Chain pair: P40306=P49720_A - P40306=P49720_B (# 1 out of 1)
			computing interface for chain pair P40306=P49720_A-P40306=P49720_B
			writing chain interfaces to file
			interface 1 found
	206 PPIs resolved
	203 PPIs annotated
	PPI: P28074 - P49721
		PPI: P28074 - P49721 (# 207 out of 237) (87.3 %)
		0 attempts (max 1)
		0 interfaces mapped (seeking 1)
		Chain pair: P49721=P28074_B - P49721=P28074_A (# 1 out of 1)
			computing interface for chain pair P49721=P28074_B-P49721=P28074_A
			writing chain interfaces to file
			interface 1 found
	207 PPIs resolved
	204 PPIs annotated
	PPI: P49720 - P28074
		PPI: P49720 - P28074 (# 208 out of 237) (87.8 %)
		0 attempts (max 1)
		0 interfaces mapped (seeking 1)
		Chain pair: P49720=P28074_A - P49720=P28074_B (# 1 out of 1)
			computing interface for chain pair P49720=P28074_A-P49720=P28074_B
			writing chain interfaces to file
			interface 1 found
	208 PPIs resolved
	205 PPIs annotated
	PPI: P28072 - Q99436
		PPI: P28072 - Q99436 (# 209 out of 237) (88.2 %)
		0 attempts (max 1)
		0 interfaces mapped (seeking 1)
		Chain pair: P28072=Q99436_A - P28072=Q99436_B (# 1 out of 1)
			computing interface for chain pair P28072=Q99436_A-P28072=Q99436_B
			writing chain interfaces to file
			interface 1 found
	209 PPIs resolved
	206 PPIs annotated
	PPI: P49720 - Q99436
		PPI: P49720 - Q99436 (# 210 out of 237) (88.6 %)
		0 attempts (max 1)
		0 interfaces mapped (seeking 1)
		Chain pair: Q99436=P49720_B - Q99436=P49720_A (# 1 out of 1)
			computing interface for chain pair Q99436=P49720_B-Q99436=P49720_A
			writing chain interfaces to file
			interface 1 found
	210 PPIs resolved
	207 PPIs annotated
	PPI: P62993 - P27986
		PPI: P62993 - P27986 (# 211 out of 237) (89.0 %)
		0 attempts (max 1)
		0 interfaces mapped (seeking 1)
		Chain pair: P62993=P27986_A - P62993=P27986_B (# 1 out of 1)
			computing interface for chain pair P62993=P27986_A-P62993=P27986_B
			writing chain interfaces to file
			interface 1 found
	211 PPIs resolved
	208 PPIs annotated
	PPI: Q99962 - Q99961
		PPI: Q99962 - Q99961 (# 212 out of 237) (89.5 %)
		0 attempts (max 1)
		0 interfaces mapped (seeking 1)
		Chain pair: Q99962=Q99961_A - Q99962=Q99961_B (# 1 out of 1)
			computing interface for chain pair Q99962=Q99961_A-Q99962=Q99961_B
			writing chain interfaces to file
			interface 1 found
	212 PPIs resolved
	209 PPIs annotated
	PPI: Q99963 - Q99962
		PPI: Q99963 - Q99962 (# 213 out of 237) (89.9 %)
		0 attempts (max 1)
		0 interfaces mapped (seeking 1)
		Chain pair: Q99963=Q99962_A - Q99963=Q99962_B (# 1 out of 1)
			computing interface for chain pair Q99963=Q99962_A-Q99963=Q99962_B
			writing chain interfaces to file
			interface 1 found
	213 PPIs resolved
	210 PPIs annotated
	PPI: Q99961 - Q99963
		PPI: Q99961 - Q99963 (# 214 out of 237) (90.3 %)
		0 attempts (max 1)
		0 interfaces mapped (seeking 1)
		Chain pair: Q99961=Q99963_A - Q99961=Q99963_B (# 1 out of 1)
			computing interface for chain pair Q99961=Q99963_A-Q99961=Q99963_B
			writing chain interfaces to file
			interface 1 found
	214 PPIs resolved
	211 PPIs annotated
	PPI: P22607 - P05230
		PPI: P22607 - P05230 (# 215 out of 237) (90.7 %)
		0 attempts (max 1)
		0 interfaces mapped (seeking 1)
		Chain pair: P05230=P22607_B - P05230=P22607_A (# 1 out of 1)
			computing interface for chain pair P05230=P22607_B-P05230=P22607_A
			writing chain interfaces to file
			interface 1 found
	215 PPIs resolved
	212 PPIs annotated
	PPI: Q07812 - P10415
		PPI: Q07812 - P10415 (# 216 out of 237) (91.1 %)
		0 attempts (max 1)
		0 interfaces mapped (seeking 1)
		Chain pair: P10415=Q07812_B - P10415=Q07812_A (# 1 out of 1)
			computing interface for chain pair P10415=Q07812_B-P10415=Q07812_A
			writing chain interfaces to file
			interface 1 found
	216 PPIs resolved
	213 PPIs annotated
	PPI: P10415 - Q16611
		PPI: P10415 - Q16611 (# 217 out of 237) (91.6 %)
		0 attempts (max 1)
		0 interfaces mapped (seeking 1)
		Chain pair: P10415=Q16611_A - P10415=Q16611_B (# 1 out of 1)
			computing interface for chain pair P10415=Q16611_A-P10415=Q16611_B
			writing chain interfaces to file
			interface 1 found
	217 PPIs resolved
	214 PPIs annotated
	PPI: P10415 - Q92934
		PPI: P10415 - Q92934 (# 218 out of 237) (92.0 %)
		0 attempts (max 1)
		0 interfaces mapped (seeking 1)
		Chain pair: P10415=Q92934_A - P10415=Q92934_B (# 1 out of 1)
			computing interface for chain pair P10415=Q92934_A-P10415=Q92934_B
			writing chain interfaces to file
			interface 1 found
	218 PPIs resolved
	215 PPIs annotated
	PPI: P26641 - P24534
		PPI: P26641 - P24534 (# 219 out of 237) (92.4 %)
		0 attempts (max 1)
		0 interfaces mapped (seeking 1)
		Chain pair: P26641=P24534_A - P26641=P24534_B (# 1 out of 1)
			computing interface for chain pair P26641=P24534_A-P26641=P24534_B
			writing chain interfaces to file
			interface 1 found
	219 PPIs resolved
	216 PPIs annotated
	PPI: P26641 - P29692
		PPI: P26641 - P29692 (# 220 out of 237) (92.8 %)
		0 attempts (max 1)
		0 interfaces mapped (seeking 1)
		Chain pair: P26641=P29692_A - P26641=P29692_B (# 1 out of 1)
			computing interface for chain pair P26641=P29692_A-P26641=P29692_B
			writing chain interfaces to file
			interface 1 found
	220 PPIs resolved
	217 PPIs annotated
	PPI: P68036 - O95376
		PPI: P68036 - O95376 (# 221 out of 237) (93.2 %)
		0 attempts (max 1)
		0 interfaces mapped (seeking 1)
		Chain pair: O95376=P68036_B - O95376=P68036_A (# 1 out of 1)
			computing interface for chain pair O95376=P68036_B-O95376=P68036_A
			writing chain interfaces to file
			interface 1 found
	221 PPIs resolved
	218 PPIs annotated
	PPI: P59998 - Q9BPX5
		PPI: P59998 - Q9BPX5 (# 222 out of 237) (93.7 %)
		0 attempts (max 1)
		0 interfaces mapped (seeking 1)
		Chain pair: P59998=Q9BPX5_A - P59998=Q9BPX5_B (# 1 out of 1)
			computing interface for chain pair P59998=Q9BPX5_A-P59998=Q9BPX5_B
			writing chain interfaces to file
			interface 1 found
	222 PPIs resolved
	219 PPIs annotated
	PPI: P42772 - P11802
		PPI: P42772 - P11802 (# 223 out of 237) (94.1 %)
		0 attempts (max 1)
		0 interfaces mapped (seeking 1)
		Chain pair: P11802=P42772_B - P11802=P42772_A (# 1 out of 1)
			computing interface for chain pair P11802=P42772_B-P11802=P42772_A
			writing chain interfaces to file
			interface 1 found
	223 PPIs resolved
	220 PPIs annotated
	PPI: Q13432 - Q9NXU5
		PPI: Q13432 - Q9NXU5 (# 224 out of 237) (94.5 %)
		0 attempts (max 1)
		0 interfaces mapped (seeking 1)
		Chain pair: Q9NXU5=Q13432_B - Q9NXU5=Q13432_A (# 1 out of 1)
			computing interface for chain pair Q9NXU5=Q13432_B-Q9NXU5=Q13432_A
			writing chain interfaces to file
			interface 1 found
	224 PPIs resolved
	221 PPIs annotated
	PPI: Q9Y4P1 - O95166
		PPI: Q9Y4P1 - O95166 (# 225 out of 237) (94.9 %)
		0 attempts (max 1)
		0 interfaces mapped (seeking 1)
		Chain pair: Q9Y4P1=O95166_A - Q9Y4P1=O95166_B (# 1 out of 1)
			computing interface for chain pair Q9Y4P1=O95166_A-Q9Y4P1=O95166_B
			writing chain interfaces to file
			interface 1 found
	225 PPIs resolved
	222 PPIs annotated
	PPI: P25788 - P60900
		PPI: P25788 - P60900 (# 226 out of 237) (95.4 %)
		0 attempts (max 1)
		0 interfaces mapped (seeking 1)
		Chain pair: P60900=P25788_B - P60900=P25788_A (# 1 out of 1)
			computing interface for chain pair P60900=P25788_B-P60900=P25788_A
			writing chain interfaces to file
			interface 1 found
	226 PPIs resolved
	223 PPIs annotated
	PPI: Q16623 - P60880
		PPI: Q16623 - P60880 (# 227 out of 237) (95.8 %)
		0 attempts (max 1)
		0 interfaces mapped (seeking 1)
		Chain pair: P60880=Q16623_B - P60880=Q16623_A (# 1 out of 1)
			computing interface for chain pair P60880=Q16623_B-P60880=Q16623_A
			writing chain interfaces to file
			interface 1 found
	227 PPIs resolved
	224 PPIs annotated
	PPI: O43924 - Q9NXU5
		PPI: O43924 - Q9NXU5 (# 228 out of 237) (96.2 %)
		0 attempts (max 1)
		0 interfaces mapped (seeking 1)
		Chain pair: Q9NXU5=O43924_B - Q9NXU5=O43924_A (# 1 out of 1)
			computing interface for chain pair Q9NXU5=O43924_B-Q9NXU5=O43924_A
			writing chain interfaces to file
			interface 1 found
	228 PPIs resolved
	225 PPIs annotated
	PPI: O43924 - P36405
		PPI: O43924 - P36405 (# 229 out of 237) (96.6 %)
		0 attempts (max 1)
		0 interfaces mapped (seeking 1)
		Chain pair: P36405=O43924_B - P36405=O43924_A (# 1 out of 1)
			computing interface for chain pair P36405=O43924_B-P36405=O43924_A
			writing chain interfaces to file
			interface 1 found
	229 PPIs resolved
	226 PPIs annotated
	PPI: Q13432 - P36405
		PPI: Q13432 - P36405 (# 230 out of 237) (97.0 %)
		0 attempts (max 1)
		0 interfaces mapped (seeking 1)
		Chain pair: P36405=Q13432_B - P36405=Q13432_A (# 1 out of 1)
			computing interface for chain pair P36405=Q13432_B-P36405=Q13432_A
			writing chain interfaces to file
			interface 1 found
	230 PPIs resolved
	227 PPIs annotated
	PPI: Q9Y4P1 - Q9GZQ8
		PPI: Q9Y4P1 - Q9GZQ8 (# 231 out of 237) (97.5 %)
		0 attempts (max 1)
		0 interfaces mapped (seeking 1)
		Chain pair: Q9Y4P1=Q9GZQ8_A - Q9Y4P1=Q9GZQ8_B (# 1 out of 1)
			computing interface for chain pair Q9Y4P1=Q9GZQ8_A-Q9Y4P1=Q9GZQ8_B
			writing chain interfaces to file
			interface 1 found
	231 PPIs resolved
	228 PPIs annotated
	PPI: P08865 - P63220
		PPI: P08865 - P63220 (# 232 out of 237) (97.9 %)
		0 attempts (max 1)
		0 interfaces mapped (seeking 1)
		Chain pair: P08865=P63220_A - P08865=P63220_B (# 1 out of 1)
			computing interface for chain pair P08865=P63220_A-P08865=P63220_B
			writing chain interfaces to file
			interface 1 found
	232 PPIs resolved
	229 PPIs annotated
	PPI: O75558 - P60880
		PPI: O75558 - P60880 (# 233 out of 237) (98.3 %)
		0 attempts (max 1)
		0 interfaces mapped (seeking 1)
		Chain pair: P60880=O75558_B - P60880=O75558_A (# 1 out of 1)
			computing interface for chain pair P60880=O75558_B-P60880=O75558_A
			writing chain interfaces to file
			interface 1 found
	233 PPIs resolved
	230 PPIs annotated
	PPI: Q7L2H7 - O00303
		PPI: Q7L2H7 - O00303 (# 234 out of 237) (98.7 %)
		0 attempts (max 1)
		0 interfaces mapped (seeking 1)
		Chain pair: O00303=Q7L2H7_B - O00303=Q7L2H7_A (# 1 out of 1)
			computing interface for chain pair O00303=Q7L2H7_B-O00303=Q7L2H7_A
			writing chain interfaces to file
			interface 1 found
	234 PPIs resolved
	231 PPIs annotated
	PPI: P68871 - P69905
		PPI: P68871 - P69905 (# 235 out of 237) (99.2 %)
		0 attempts (max 1)
		0 interfaces mapped (seeking 1)
		Chain pair: P69905=P68871_B - P69905=P68871_A (# 1 out of 1)
			computing interface for chain pair P69905=P68871_B-P69905=P68871_A
			writing chain interfaces to file
			interface 1 found
	235 PPIs resolved
	232 PPIs annotated
	PPI: P11142 - Q9NZL4
		PPI: P11142 - Q9NZL4 (# 236 out of 237) (99.6 %)
		0 attempts (max 1)
		0 interfaces mapped (seeking 1)
		Chain pair: Q9NZL4=P11142_B - Q9NZL4=P11142_A (# 1 out of 1)
			computing interface for chain pair Q9NZL4=P11142_B-Q9NZL4=P11142_A
			writing chain interfaces to file
			interface 1 found
	236 PPIs resolved
	233 PPIs annotated
	PPI: O43583 - Q9ULC4
		PPI: O43583 - Q9ULC4 (# 237 out of 237) (100.0 %)
		0 attempts (max 1)
		0 interfaces mapped (seeking 1)
		Chain pair: Q9ULC4=O43583_B - Q9ULC4=O43583_A (# 1 out of 1)
			computing interface for chain pair Q9ULC4=O43583_B-Q9ULC4=O43583_A
			writing chain interfaces to file
			interface 1 found
	237 PPIs resolved
	234 PPIs annotated
	finalizing interface-annotated interactome
merging interface annotations for each PPI

Structural interactome:
234 PPIs
299 proteins

